2016-10-13 05:08:17,864 	 <Dispatcher> 	 Level 45 	 missing	1476313697	5027739.0	1.37988960743	199.941055298	739.0625	-99.0	-99.0	-1.0	-1.0	5027739.0	
2016-10-13 05:08:17,876 	 <Dispatcher> 	 Level 45 	 missing_raw	1476313697	47.0	205.0	214.0	437.0	-99.0	-99.0	-1.0	-1.0	47.0	
2016-10-13 05:08:57,869 	 <Dispatcher> 	 Level 45 	 missing	1476313737	3484574.0	3.44684410095	186.671569824	577.9296875	-99.0	-99.0	-1.0	-1.0	3484574.0	
2016-10-13 05:08:57,877 	 <Dispatcher> 	 Level 45 	 missing_raw	1476313737	30.0	193.0	210.0	422.0	-99.0	-99.0	-1.0	-1.0	30.0	
2016-10-13 05:09:37,876 	 <Dispatcher> 	 Level 45 	 missing	1476313777	3981929.0	4.39768314362	178.693084717	513.4765625	-99.0	-99.0	-1.0	-1.0	3981929.0	
2016-10-13 05:09:37,883 	 <Dispatcher> 	 Level 45 	 missing_raw	1476313777	20.0	186.0	208.0	416.0	-99.0	-99.0	-1.0	-1.0	20.0	
2016-10-13 05:10:17,880 	 <Dispatcher> 	 Level 45 	 missing	1476313817	3980172.0	1.63145780563	206.812942505	749.8046875	-99.0	-99.0	-1.0	-1.0	3980172.0	
2016-10-13 05:10:17,887 	 <Dispatcher> 	 Level 45 	 missing_raw	1476313817	46.0	210.0	216.0	438.0	-99.0	-99.0	-1.0	-1.0	46.0	
2016-10-13 05:10:57,887 	 <Dispatcher> 	 Level 45 	 missing	1476313857	4764729.0	1.05430996418	199.941055298	696.09375	-99.0	-99.0	-1.0	-1.0	4764729.0	
2016-10-13 05:10:57,895 	 <Dispatcher> 	 Level 45 	 missing_raw	1476313857	42.0	205.0	213.0	433.0	-99.0	-99.0	-1.0	-1.0	42.0	
2016-10-13 05:11:37,889 	 <Dispatcher> 	 Level 45 	 missing	1476313897	4015100.75	1.22898113728	186.671569824	588.671875	-99.0	-99.0	-1.0	-1.0	4015100.75	
2016-10-13 05:11:37,897 	 <Dispatcher> 	 Level 45 	 missing_raw	1476313897	33.0	193.0	209.0	423.0	-99.0	-99.0	-1.0	-1.0	33.0	
2016-10-13 05:12:17,895 	 <Dispatcher> 	 Level 45 	 missing	1476313937	4626169.0	4.34326410294	172.481338501	556.4453125	-99.0	-99.0	-1.0	-1.0	4626169.0	
2016-10-13 05:12:17,902 	 <Dispatcher> 	 Level 45 	 missing_raw	1476313937	16.0	176.0	204.0	420.0	-99.0	-99.0	-1.0	-1.0	16.0	
2016-10-13 05:12:57,901 	 <Dispatcher> 	 Level 45 	 missing	1476313977	4439854.5	4.4589805603	178.693084717	599.4140625	-99.0	-99.0	-1.0	-1.0	4439854.5	
2016-10-13 05:12:57,908 	 <Dispatcher> 	 Level 45 	 missing_raw	1476313977	17.0	181.0	206.0	424.0	-99.0	-99.0	-1.0	-1.0	17.0	
2016-10-13 05:13:37,904 	 <Dispatcher> 	 Level 45 	 missing	1476314017	4850540.5	1.44236326218	206.812942505	696.09375	-99.0	-99.0	-1.0	-1.0	4850540.5	
2016-10-13 05:13:37,912 	 <Dispatcher> 	 Level 45 	 missing_raw	1476314017	46.0	209.0	214.0	433.0	-99.0	-99.0	-1.0	-1.0	46.0	
2016-10-13 05:14:17,913 	 <Dispatcher> 	 Level 45 	 missing	1476314057	4185685.25	4.77853631973	208.555969238	760.546875	-99.0	-99.0	-1.0	-1.0	4185685.25	
2016-10-13 05:14:17,920 	 <Dispatcher> 	 Level 45 	 missing_raw	1476314057	48.0	211.0	216.0	439.0	-99.0	-99.0	-1.0	-1.0	48.0	
2016-10-13 05:14:57,918 	 <Dispatcher> 	 Level 45 	 missing	1476314097	4126228.75	2.93127369881	166.419342041	459.765625	-99.0	-99.0	-1.0	-1.0	4126228.75	
2016-10-13 05:14:57,925 	 <Dispatcher> 	 Level 45 	 missing_raw	1476314097	11.0	172.0	203.0	411.0	-99.0	-99.0	-1.0	-1.0	11.0	
2016-10-13 05:15:37,921 	 <Dispatcher> 	 Level 45 	 missing	1476314137	3634825.0	5.08387088776	188.296096802	685.3515625	-99.0	-99.0	-1.0	-1.0	3634825.0	
2016-10-13 05:15:37,929 	 <Dispatcher> 	 Level 45 	 missing_raw	1476314137	28.0	194.0	212.0	432.0	-99.0	-99.0	-1.0	-1.0	28.0	
2016-10-13 05:16:17,927 	 <Dispatcher> 	 Level 45 	 missing	1476314177	3784261.0	4.87810325623	186.671569824	663.8671875	-99.0	-99.0	-1.0	-1.0	3784261.0	
2016-10-13 05:16:17,934 	 <Dispatcher> 	 Level 45 	 missing_raw	1476314177	27.0	191.0	209.0	430.0	-99.0	-99.0	-1.0	-1.0	27.0	
2016-10-13 05:16:57,932 	 <Dispatcher> 	 Level 45 	 missing	1476314217	3804426.5	1.18343877792	189.930328369	567.1875	-99.0	-99.0	-1.0	-1.0	3804426.5	
2016-10-13 05:16:57,939 	 <Dispatcher> 	 Level 45 	 missing_raw	1476314217	33.0	194.0	209.0	421.0	-99.0	-99.0	-1.0	-1.0	33.0	
2016-10-13 05:17:37,936 	 <Dispatcher> 	 Level 45 	 missing	1476314257	3941465.75	3.2808175087	167.920913696	459.765625	-99.0	-99.0	-1.0	-1.0	3941465.75	
2016-10-13 05:17:37,944 	 <Dispatcher> 	 Level 45 	 missing_raw	1476314257	12.0	174.0	203.0	411.0	-99.0	-99.0	-1.0	-1.0	12.0	
2016-10-13 05:18:17,940 	 <Dispatcher> 	 Level 45 	 missing	1476314297	4723353.0	1.77163434029	206.812942505	728.3203125	-99.0	-99.0	-1.0	-1.0	4723353.0	
2016-10-13 05:18:17,947 	 <Dispatcher> 	 Level 45 	 missing_raw	1476314297	50.0	212.0	216.0	436.0	-99.0	-99.0	-1.0	-1.0	50.0	
2016-10-13 05:18:57,946 	 <Dispatcher> 	 Level 45 	 missing	1476314337	3398793.25	4.67651510239	208.555969238	782.03125	-99.0	-99.0	-1.0	-1.0	3398793.25	
2016-10-13 05:18:57,954 	 <Dispatcher> 	 Level 45 	 missing_raw	1476314337	45.0	209.0	219.0	441.0	-99.0	-99.0	-1.0	-1.0	45.0	
2016-10-13 05:19:37,959 	 <Dispatcher> 	 Level 45 	 missing	1476314377	3288793.0	1.61645793915	169.431747437	459.765625	-99.0	-99.0	-1.0	-1.0	3288793.0	
2016-10-13 05:19:37,967 	 <Dispatcher> 	 Level 45 	 missing_raw	1476314377	12.0	176.0	203.0	411.0	-99.0	-99.0	-1.0	-1.0	12.0	
2016-10-13 05:20:17,956 	 <Dispatcher> 	 Level 45 	 missing	1476314417	4679177.5	1.74964368343	201.644058228	599.4140625	-99.0	-99.0	-1.0	-1.0	4679177.5	
2016-10-13 05:20:17,963 	 <Dispatcher> 	 Level 45 	 missing_raw	1476314417	43.0	208.0	213.0	424.0	-99.0	-99.0	-1.0	-1.0	43.0	
2016-10-13 05:20:57,961 	 <Dispatcher> 	 Level 45 	 missing	1476314457	3595605.0	1.87033295631	169.431747437	502.734375	-99.0	-99.0	-1.0	-1.0	3595605.0	
2016-10-13 05:20:57,969 	 <Dispatcher> 	 Level 45 	 missing_raw	1476314457	11.0	174.0	205.0	415.0	-99.0	-99.0	-1.0	-1.0	11.0	
2016-10-13 05:21:37,966 	 <Dispatcher> 	 Level 45 	 missing	1476314497	3471017.5	5.18923282623	201.644058228	792.7734375	-99.0	-99.0	-1.0	-1.0	3471017.5	
2016-10-13 05:21:37,974 	 <Dispatcher> 	 Level 45 	 missing_raw	1476314497	42.0	205.0	218.0	442.0	-99.0	-99.0	-1.0	-1.0	42.0	
2016-10-13 05:22:17,972 	 <Dispatcher> 	 Level 45 	 missing	1476314537	4627655.0	2.67651224136	201.644058228	588.671875	-99.0	-99.0	-1.0	-1.0	4627655.0	
2016-10-13 05:22:17,979 	 <Dispatcher> 	 Level 45 	 missing_raw	1476314537	44.0	211.0	215.0	423.0	-99.0	-99.0	-1.0	-1.0	44.0	
2016-10-13 05:22:57,976 	 <Dispatcher> 	 Level 45 	 missing	1476314577	3346353.0	1.22930693626	166.419342041	459.765625	-99.0	-99.0	-1.0	-1.0	3346353.0	
2016-10-13 05:22:57,984 	 <Dispatcher> 	 Level 45 	 missing_raw	1476314577	14.0	174.0	203.0	411.0	-99.0	-99.0	-1.0	-1.0	14.0	
2016-10-13 05:23:37,984 	 <Dispatcher> 	 Level 45 	 missing	1476314617	4282653.5	3.41321802139	174.02015686	642.3828125	-99.0	-99.0	-1.0	-1.0	4282653.5	
2016-10-13 05:23:37,992 	 <Dispatcher> 	 Level 45 	 missing_raw	1476314617	18.0	178.0	210.0	428.0	-99.0	-99.0	-1.0	-1.0	18.0	
2016-10-13 05:24:17,989 	 <Dispatcher> 	 Level 45 	 missing	1476314657	4034644.0	4.90071153641	185.056686401	717.578125	-99.0	-99.0	-1.0	-1.0	4034644.0	
2016-10-13 05:24:17,997 	 <Dispatcher> 	 Level 45 	 missing_raw	1476314657	26.0	189.0	211.0	435.0	-99.0	-99.0	-1.0	-1.0	26.0	
2016-10-13 05:24:57,994 	 <Dispatcher> 	 Level 45 	 missing	1476314697	4511942.0	1.24682271481	194.891479492	588.671875	-99.0	-99.0	-1.0	-1.0	4511942.0	
2016-10-13 05:24:58,002 	 <Dispatcher> 	 Level 45 	 missing_raw	1476314697	39.0	202.0	211.0	423.0	-99.0	-99.0	-1.0	-1.0	39.0	
2016-10-13 05:25:37,999 	 <Dispatcher> 	 Level 45 	 missing	1476314737	3398940.25	5.0026550293	198.24798584	749.8046875	-99.0	-99.0	-1.0	-1.0	3398940.25	
2016-10-13 05:25:38,006 	 <Dispatcher> 	 Level 45 	 missing_raw	1476314737	36.0	201.0	215.0	438.0	-99.0	-99.0	-1.0	-1.0	36.0	
2016-10-13 05:26:18,003 	 <Dispatcher> 	 Level 45 	 missing	1476314777	3409193.0	4.49847698212	198.24798584	739.0625	-99.0	-99.0	-1.0	-1.0	3409193.0	
2016-10-13 05:26:18,011 	 <Dispatcher> 	 Level 45 	 missing_raw	1476314777	37.0	204.0	214.0	437.0	-99.0	-99.0	-1.0	-1.0	37.0	
2016-10-13 05:26:58,008 	 <Dispatcher> 	 Level 45 	 missing	1476314818	4048303.5	3.32685089111	167.920913696	438.28125	-99.0	-99.0	-1.0	-1.0	4048303.5	
2016-10-13 05:26:58,016 	 <Dispatcher> 	 Level 45 	 missing_raw	1476314818	9.0	172.0	202.0	409.0	-99.0	-99.0	-1.0	-1.0	9.0	
2016-10-13 05:27:38,013 	 <Dispatcher> 	 Level 45 	 missing	1476314858	3685953.0	5.19886779785	185.056686401	631.640625	-99.0	-99.0	-1.0	-1.0	3685953.0	
2016-10-13 05:27:38,021 	 <Dispatcher> 	 Level 45 	 missing_raw	1476314858	27.0	192.0	211.0	427.0	-99.0	-99.0	-1.0	-1.0	27.0	
2016-10-13 05:28:18,022 	 <Dispatcher> 	 Level 45 	 missing	1476314898	4020230.0	1.41579985619	188.296096802	620.8984375	-99.0	-99.0	-1.0	-1.0	4020230.0	
2016-10-13 05:28:18,029 	 <Dispatcher> 	 Level 45 	 missing_raw	1476314898	37.0	195.0	209.0	426.0	-99.0	-99.0	-1.0	-1.0	37.0	
2016-10-13 05:28:58,028 	 <Dispatcher> 	 Level 45 	 missing	1476314938	3712807.75	1.99084031582	206.812942505	760.546875	-99.0	-99.0	-1.0	-1.0	3712807.75	
2016-10-13 05:28:58,036 	 <Dispatcher> 	 Level 45 	 missing_raw	1476314938	48.0	210.0	217.0	439.0	-99.0	-99.0	-1.0	-1.0	48.0	
2016-10-13 05:29:38,029 	 <Dispatcher> 	 Level 45 	 missing	1476314978	4045596.0	2.26040458679	206.812942505	782.03125	-99.0	-99.0	-1.0	-1.0	4045596.0	
2016-10-13 05:29:38,037 	 <Dispatcher> 	 Level 45 	 missing_raw	1476314978	49.0	211.0	218.0	441.0	-99.0	-99.0	-1.0	-1.0	49.0	
2016-10-13 05:30:18,035 	 <Dispatcher> 	 Level 45 	 missing	1476315018	3349329.75	4.83245372772	199.941055298	706.8359375	-99.0	-99.0	-1.0	-1.0	3349329.75	
2016-10-13 05:30:18,042 	 <Dispatcher> 	 Level 45 	 missing_raw	1476315018	38.0	202.0	213.0	434.0	-99.0	-99.0	-1.0	-1.0	38.0	
2016-10-13 05:30:58,039 	 <Dispatcher> 	 Level 45 	 missing	1476315058	4420998.5	1.64369893074	206.812942505	760.546875	-99.0	-99.0	-1.0	-1.0	4420998.5	
2016-10-13 05:30:58,047 	 <Dispatcher> 	 Level 45 	 missing_raw	1476315058	51.0	213.0	218.0	439.0	-99.0	-99.0	-1.0	-1.0	51.0	
2016-10-13 05:31:38,046 	 <Dispatcher> 	 Level 45 	 missing	1476315098	4343543.0	4.30785608292	170.951889038	491.9921875	-99.0	-99.0	-1.0	-1.0	4343543.0	
2016-10-13 05:31:38,054 	 <Dispatcher> 	 Level 45 	 missing_raw	1476315098	15.0	174.0	206.0	414.0	-99.0	-99.0	-1.0	-1.0	15.0	
2016-10-13 05:32:18,048 	 <Dispatcher> 	 Level 45 	 missing	1476315138	4284124.0	4.72964334488	177.125991821	567.1875	-99.0	-99.0	-1.0	-1.0	4284124.0	
2016-10-13 05:32:18,056 	 <Dispatcher> 	 Level 45 	 missing_raw	1476315138	18.0	183.0	207.0	421.0	-99.0	-99.0	-1.0	-1.0	18.0	
2016-10-13 05:32:58,054 	 <Dispatcher> 	 Level 45 	 missing	1476315178	3362927.0	3.41511273384	199.941055298	760.546875	-99.0	-99.0	-1.0	-1.0	3362927.0	
2016-10-13 05:32:58,062 	 <Dispatcher> 	 Level 45 	 missing_raw	1476315178	44.0	206.0	218.0	439.0	-99.0	-99.0	-1.0	-1.0	44.0	
2016-10-13 05:33:38,060 	 <Dispatcher> 	 Level 45 	 missing	1476315218	4675204.0	1.24801182747	199.941055298	620.8984375	-99.0	-99.0	-1.0	-1.0	4675204.0	
2016-10-13 05:33:38,067 	 <Dispatcher> 	 Level 45 	 missing_raw	1476315218	41.0	204.0	213.0	426.0	-99.0	-99.0	-1.0	-1.0	41.0	
2016-10-13 05:34:18,466 	 <Dispatcher> 	 Level 45 	 missing	1476315258	4808819.5	1.36109042168	201.644058228	631.640625	-99.0	-99.0	-1.0	-1.0	4808819.5	
2016-10-13 05:34:18,474 	 <Dispatcher> 	 Level 45 	 missing_raw	1476315258	45.0	207.0	212.0	427.0	-99.0	-99.0	-1.0	-1.0	45.0	
2016-10-13 05:34:58,069 	 <Dispatcher> 	 Level 45 	 missing	1476315298	4302869.0	3.66522502899	177.125991821	653.125	-99.0	-99.0	-1.0	-1.0	4302869.0	
2016-10-13 05:34:58,076 	 <Dispatcher> 	 Level 45 	 missing_raw	1476315298	20.0	179.0	208.0	429.0	-99.0	-99.0	-1.0	-1.0	20.0	
2016-10-13 05:35:38,077 	 <Dispatcher> 	 Level 45 	 missing	1476315338	3429103.25	0.99543595314	169.431747437	470.5078125	-99.0	-99.0	-1.0	-1.0	3429103.25	
2016-10-13 05:35:38,085 	 <Dispatcher> 	 Level 45 	 missing_raw	1476315338	12.0	173.0	202.0	412.0	-99.0	-99.0	-1.0	-1.0	12.0	
2016-10-13 05:36:18,079 	 <Dispatcher> 	 Level 45 	 missing	1476315378	4609237.0	3.31516003609	203.357009888	631.640625	-99.0	-99.0	-1.0	-1.0	4609237.0	
2016-10-13 05:36:18,087 	 <Dispatcher> 	 Level 45 	 missing_raw	1476315378	48.0	212.0	215.0	427.0	-99.0	-99.0	-1.0	-1.0	48.0	
2016-10-13 05:36:58,086 	 <Dispatcher> 	 Level 45 	 missing	1476315418	3896079.75	1.29367136955	181.855773926	449.0234375	-99.0	-99.0	-1.0	-1.0	3896079.75	
2016-10-13 05:36:58,093 	 <Dispatcher> 	 Level 45 	 missing_raw	1476315418	28.0	189.0	208.0	410.0	-99.0	-99.0	-1.0	-1.0	28.0	
2016-10-13 05:37:38,093 	 <Dispatcher> 	 Level 45 	 missing	1476315458	4082863.5	4.43764448166	183.451431274	728.3203125	-99.0	-99.0	-1.0	-1.0	4082863.5	
2016-10-13 05:37:38,100 	 <Dispatcher> 	 Level 45 	 missing_raw	1476315458	27.0	191.0	210.0	436.0	-99.0	-99.0	-1.0	-1.0	27.0	
2016-10-13 05:38:18,099 	 <Dispatcher> 	 Level 45 	 missing	1476315498	3710618.0	5.0861530304	205.079956055	749.8046875	-99.0	-99.0	-1.0	-1.0	3710618.0	
2016-10-13 05:38:18,106 	 <Dispatcher> 	 Level 45 	 missing_raw	1476315498	46.0	210.0	218.0	438.0	-99.0	-99.0	-1.0	-1.0	46.0	
2016-10-13 05:38:58,103 	 <Dispatcher> 	 Level 45 	 missing	1476315538	3922199.0	4.4657959938	191.574279785	760.546875	-99.0	-99.0	-1.0	-1.0	3922199.0	
2016-10-13 05:38:58,110 	 <Dispatcher> 	 Level 45 	 missing_raw	1476315538	32.0	193.0	212.0	439.0	-99.0	-99.0	-1.0	-1.0	32.0	
2016-10-13 05:39:38,108 	 <Dispatcher> 	 Level 45 	 missing	1476315578	4723785.5	2.90529537201	205.079956055	588.671875	-99.0	-99.0	-1.0	-1.0	4723785.5	
2016-10-13 05:39:38,115 	 <Dispatcher> 	 Level 45 	 missing_raw	1476315578	45.0	210.0	214.0	423.0	-99.0	-99.0	-1.0	-1.0	45.0	
2016-10-13 05:40:18,113 	 <Dispatcher> 	 Level 45 	 missing	1476315618	4810074.0	3.49749231339	201.644058228	588.671875	-99.0	-99.0	-1.0	-1.0	4810074.0	
2016-10-13 05:40:18,120 	 <Dispatcher> 	 Level 45 	 missing_raw	1476315618	46.0	209.0	214.0	423.0	-99.0	-99.0	-1.0	-1.0	46.0	
2016-10-13 05:40:58,125 	 <Dispatcher> 	 Level 45 	 missing	1476315658	3781898.0	5.26877641678	205.079956055	599.4140625	-99.0	-99.0	-1.0	-1.0	3781898.0	
2016-10-13 05:40:58,132 	 <Dispatcher> 	 Level 45 	 missing_raw	1476315658	47.0	209.0	216.0	424.0	-99.0	-99.0	-1.0	-1.0	47.0	
2016-10-13 05:41:38,129 	 <Dispatcher> 	 Level 45 	 missing	1476315698	4866984.0	3.29716062546	196.564804077	534.9609375	-99.0	-99.0	-1.0	-1.0	4866984.0	
2016-10-13 05:41:38,136 	 <Dispatcher> 	 Level 45 	 missing_raw	1476315698	44.0	207.0	213.0	418.0	-99.0	-99.0	-1.0	-1.0	44.0	
2016-10-13 05:42:18,132 	 <Dispatcher> 	 Level 45 	 missing	1476315738	4236896.5	3.20626664162	183.451431274	749.8046875	-99.0	-99.0	-1.0	-1.0	4236896.5	
2016-10-13 05:42:18,139 	 <Dispatcher> 	 Level 45 	 missing_raw	1476315738	28.0	187.0	210.0	438.0	-99.0	-99.0	-1.0	-1.0	28.0	
2016-10-13 05:42:58,139 	 <Dispatcher> 	 Level 45 	 missing	1476315778	4295252.5	1.40104568005	164.926986694	577.9296875	-99.0	-99.0	-1.0	-1.0	4295252.5	
2016-10-13 05:42:58,147 	 <Dispatcher> 	 Level 45 	 missing_raw	1476315778	11.0	169.0	204.0	422.0	-99.0	-99.0	-1.0	-1.0	11.0	
2016-10-13 05:43:38,145 	 <Dispatcher> 	 Level 45 	 missing	1476315818	3792524.75	1.21755421162	170.951889038	427.5390625	-99.0	-99.0	-1.0	-1.0	3792524.75	
2016-10-13 05:43:38,153 	 <Dispatcher> 	 Level 45 	 missing_raw	1476315818	17.0	181.0	202.0	408.0	-99.0	-99.0	-1.0	-1.0	17.0	
2016-10-13 05:44:18,151 	 <Dispatcher> 	 Level 45 	 missing	1476315858	3685306.0	1.0570526123	164.926986694	491.9921875	-99.0	-99.0	-1.0	-1.0	3685306.0	
2016-10-13 05:44:18,159 	 <Dispatcher> 	 Level 45 	 missing_raw	1476315858	10.0	172.0	200.0	414.0	-99.0	-99.0	-1.0	-1.0	10.0	
2016-10-13 05:44:58,155 	 <Dispatcher> 	 Level 45 	 missing	1476315898	4607099.5	1.88946974277	185.056686401	438.28125	-99.0	-99.0	-1.0	-1.0	4607099.5	
2016-10-13 05:44:58,162 	 <Dispatcher> 	 Level 45 	 missing_raw	1476315898	32.0	192.0	208.0	409.0	-99.0	-99.0	-1.0	-1.0	32.0	
2016-10-13 05:45:38,161 	 <Dispatcher> 	 Level 45 	 missing	1476315938	4641492.5	5.08478546143	201.644058228	620.8984375	-99.0	-99.0	-1.0	-1.0	4641492.5	
2016-10-13 05:45:38,169 	 <Dispatcher> 	 Level 45 	 missing_raw	1476315938	48.0	211.0	215.0	426.0	-99.0	-99.0	-1.0	-1.0	48.0	
2016-10-13 05:46:18,168 	 <Dispatcher> 	 Level 45 	 missing	1476315978	4852920.0	2.84033846855	188.296096802	459.765625	-99.0	-99.0	-1.0	-1.0	4852920.0	
2016-10-13 05:46:18,176 	 <Dispatcher> 	 Level 45 	 missing_raw	1476315978	37.0	200.0	208.0	411.0	-99.0	-99.0	-1.0	-1.0	37.0	
2016-10-13 05:46:58,170 	 <Dispatcher> 	 Level 45 	 missing	1476316018	4661265.5	2.31316375732	169.431747437	663.8671875	-99.0	-99.0	-1.0	-1.0	4661265.5	
2016-10-13 05:46:58,177 	 <Dispatcher> 	 Level 45 	 missing_raw	1476316018	18.0	176.0	203.0	430.0	-99.0	-99.0	-1.0	-1.0	18.0	
2016-10-13 05:47:38,175 	 <Dispatcher> 	 Level 45 	 missing	1476316058	4191536.25	1.38565802574	172.481338501	406.0546875	-99.0	-99.0	-1.0	-1.0	4191536.25	
2016-10-13 05:47:38,182 	 <Dispatcher> 	 Level 45 	 missing_raw	1476316058	23.0	183.0	204.0	406.0	-99.0	-99.0	-1.0	-1.0	23.0	
2016-10-13 05:48:18,183 	 <Dispatcher> 	 Level 45 	 missing	1476316098	4469762.5	1.36688172817	160.504989624	556.4453125	-99.0	-99.0	-1.0	-1.0	4469762.5	
2016-10-13 05:48:18,191 	 <Dispatcher> 	 Level 45 	 missing_raw	1476316098	10.0	166.0	201.0	420.0	-99.0	-99.0	-1.0	-1.0	10.0	
2016-10-13 05:48:58,186 	 <Dispatcher> 	 Level 45 	 missing	1476316138	4578678.5	1.23683094978	160.504989624	534.9609375	-99.0	-99.0	-1.0	-1.0	4578678.5	
2016-10-13 05:48:58,193 	 <Dispatcher> 	 Level 45 	 missing_raw	1476316138	10.0	163.0	200.0	418.0	-99.0	-99.0	-1.0	-1.0	10.0	
2016-10-13 05:49:38,193 	 <Dispatcher> 	 Level 45 	 missing	1476316178	4058367.25	4.51224946976	193.227981567	717.578125	-99.0	-99.0	-1.0	-1.0	4058367.25	
2016-10-13 05:49:38,200 	 <Dispatcher> 	 Level 45 	 missing_raw	1476316178	39.0	199.0	211.0	435.0	-99.0	-99.0	-1.0	-1.0	39.0	
2016-10-13 05:50:18,200 	 <Dispatcher> 	 Level 45 	 missing	1476316218	4339788.0	1.30092537403	160.504989624	481.25	-99.0	-99.0	-1.0	-1.0	4339788.0	
2016-10-13 05:50:18,207 	 <Dispatcher> 	 Level 45 	 missing_raw	1476316218	8.0	164.0	199.0	413.0	-99.0	-99.0	-1.0	-1.0	8.0	
2016-10-13 05:50:58,202 	 <Dispatcher> 	 Level 45 	 missing	1476316258	4079372.5	4.68821239471	191.574279785	717.578125	-99.0	-99.0	-1.0	-1.0	4079372.5	
2016-10-13 05:50:58,209 	 <Dispatcher> 	 Level 45 	 missing_raw	1476316258	40.0	197.0	211.0	435.0	-99.0	-99.0	-1.0	-1.0	40.0	
2016-10-13 05:51:38,210 	 <Dispatcher> 	 Level 45 	 missing	1476316298	4559442.0	3.12826919556	180.269668579	717.578125	-99.0	-99.0	-1.0	-1.0	4559442.0	
2016-10-13 05:51:38,218 	 <Dispatcher> 	 Level 45 	 missing_raw	1476316298	32.0	184.0	208.0	435.0	-99.0	-99.0	-1.0	-1.0	32.0	
2016-10-13 05:52:18,216 	 <Dispatcher> 	 Level 45 	 missing	1476316338	4903022.5	2.5585565567	174.02015686	685.3515625	-99.0	-99.0	-1.0	-1.0	4903022.5	
2016-10-13 05:52:18,224 	 <Dispatcher> 	 Level 45 	 missing_raw	1476316338	24.0	180.0	204.0	432.0	-99.0	-99.0	-1.0	-1.0	24.0	
2016-10-13 05:52:58,218 	 <Dispatcher> 	 Level 45 	 missing	1476316378	5328443.5	4.09823417664	191.574279785	524.21875	-99.0	-99.0	-1.0	-1.0	5328443.5	
2016-10-13 05:52:58,226 	 <Dispatcher> 	 Level 45 	 missing_raw	1476316378	44.0	205.0	210.0	417.0	-99.0	-99.0	-1.0	-1.0	44.0	
2016-10-13 05:53:38,223 	 <Dispatcher> 	 Level 45 	 missing	1476316418	5419578.0	3.29703640938	183.451431274	438.28125	-99.0	-99.0	-1.0	-1.0	5419578.0	
2016-10-13 05:53:38,231 	 <Dispatcher> 	 Level 45 	 missing_raw	1476316418	40.0	198.0	206.0	409.0	-99.0	-99.0	-1.0	-1.0	40.0	
2016-10-13 05:54:18,229 	 <Dispatcher> 	 Level 45 	 missing	1476316458	4949175.0	1.99219167233	170.951889038	696.09375	-99.0	-99.0	-1.0	-1.0	4949175.0	
2016-10-13 05:54:18,237 	 <Dispatcher> 	 Level 45 	 missing_raw	1476316458	23.0	176.0	203.0	433.0	-99.0	-99.0	-1.0	-1.0	23.0	
2016-10-13 05:54:58,236 	 <Dispatcher> 	 Level 45 	 missing	1476316498	5485353.5	3.10374593735	181.855773926	395.3125	-99.0	-99.0	-1.0	-1.0	5485353.5	
2016-10-13 05:54:58,243 	 <Dispatcher> 	 Level 45 	 missing_raw	1476316498	37.0	198.0	207.0	405.0	-99.0	-99.0	-1.0	-1.0	37.0	
2016-10-13 05:55:38,239 	 <Dispatcher> 	 Level 45 	 missing	1476316538	4215301.5	0.915374338627	151.90574646	427.5390625	-99.0	-99.0	-1.0	-1.0	4215301.5	
2016-10-13 05:55:38,247 	 <Dispatcher> 	 Level 45 	 missing_raw	1476316538	10.0	164.0	197.0	408.0	-99.0	-99.0	-1.0	-1.0	10.0	
2016-10-13 05:56:18,247 	 <Dispatcher> 	 Level 45 	 missing	1476316578	4895627.0	1.40015757084	169.431747437	341.6015625	-99.0	-99.0	-1.0	-1.0	4895627.0	
2016-10-13 05:56:18,255 	 <Dispatcher> 	 Level 45 	 missing_raw	1476316578	26.0	183.0	202.0	400.0	-99.0	-99.0	-1.0	-1.0	26.0	
2016-10-13 05:56:58,252 	 <Dispatcher> 	 Level 45 	 missing	1476316618	5450973.0	1.42890954018	163.443832397	599.4140625	-99.0	-99.0	-1.0	-1.0	5450973.0	
2016-10-13 05:56:58,260 	 <Dispatcher> 	 Level 45 	 missing_raw	1476316618	18.0	169.0	200.0	424.0	-99.0	-99.0	-1.0	-1.0	18.0	
2016-10-13 05:57:38,256 	 <Dispatcher> 	 Level 45 	 missing	1476316658	4529890.0	3.74401974678	186.671569824	663.8671875	-99.0	-99.0	-1.0	-1.0	4529890.0	
2016-10-13 05:57:38,263 	 <Dispatcher> 	 Level 45 	 missing_raw	1476316658	41.0	197.0	211.0	430.0	-99.0	-99.0	-1.0	-1.0	41.0	
2016-10-13 05:58:18,259 	 <Dispatcher> 	 Level 45 	 missing	1476316698	5135130.0	3.29678106308	169.431747437	631.640625	-99.0	-99.0	-1.0	-1.0	5135130.0	
2016-10-13 05:58:18,267 	 <Dispatcher> 	 Level 45 	 missing_raw	1476316698	26.0	180.0	202.0	427.0	-99.0	-99.0	-1.0	-1.0	26.0	
2016-10-13 05:58:58,264 	 <Dispatcher> 	 Level 45 	 missing	1476316738	5217789.5	4.18250608444	191.574279785	599.4140625	-99.0	-99.0	-1.0	-1.0	5217789.5	
2016-10-13 05:58:58,271 	 <Dispatcher> 	 Level 45 	 missing_raw	1476316738	44.0	202.0	208.0	424.0	-99.0	-99.0	-1.0	-1.0	44.0	
2016-10-13 05:59:38,269 	 <Dispatcher> 	 Level 45 	 missing	1476316778	4597748.0	4.37464475632	175.568359375	642.3828125	-99.0	-99.0	-1.0	-1.0	4597748.0	
2016-10-13 05:59:38,277 	 <Dispatcher> 	 Level 45 	 missing_raw	1476316778	35.0	189.0	206.0	428.0	-99.0	-99.0	-1.0	-1.0	35.0	
2016-10-13 06:00:18,272 	 <Dispatcher> 	 Level 45 	 missing	1476316818	5176665.0	2.01074028015	188.296096802	610.15625	-99.0	-99.0	-1.0	-1.0	5176665.0	
2016-10-13 06:00:18,279 	 <Dispatcher> 	 Level 45 	 missing_raw	1476316818	47.0	203.0	210.0	425.0	-99.0	-99.0	-1.0	-1.0	47.0	
2016-10-13 06:00:58,285 	 <Dispatcher> 	 Level 45 	 missing	1476316858	5676039.5	2.56841468811	156.164871216	545.703125	-99.0	-99.0	-1.0	-1.0	5676039.5	
2016-10-13 06:00:58,293 	 <Dispatcher> 	 Level 45 	 missing_raw	1476316858	17.0	167.0	198.0	419.0	-99.0	-99.0	-1.0	-1.0	17.0	
2016-10-13 15:15:05,428 	 <Dispatcher> 	 Level 45 	 START_BYTES	0
2016-10-13 16:08:36,546 	 <Dispatcher> 	 Level 45 	 missing	1476353316	20244358.0	3.28397965431	2885.1887207	2745.05859375	-99.0	-99.0	-1.0	-1.0	20244358.0	
2016-10-13 16:08:36,554 	 <Dispatcher> 	 Level 45 	 missing_raw	1476353316	21.0	180.0	175.0	390.0	-99.0	-99.0	-1.0	-1.0	21.0	
2016-10-13 16:08:38,188 	 <Dispatcher> 	 Level 45 	 missing_raw	1476353306	27.0	186.0	163.0	357.0	-99.0	-99.0	-1.0	-1.0	27.0	
2016-10-13 16:08:46,528 	 <Dispatcher> 	 Level 45 	 missing	1476353326	22101766.0	1.77737236023	3094.58984375	2702.08984375	-99.0	-99.0	-1.0	-1.0	22101766.0	
2016-10-13 16:08:46,535 	 <Dispatcher> 	 Level 45 	 missing_raw	1476353326	33.0	194.0	175.0	386.0	-99.0	-99.0	-1.0	-1.0	33.0	
2016-10-13 16:08:56,529 	 <Dispatcher> 	 Level 45 	 missing	1476353336	20066582.0	2.85162997246	3033.74047852	2777.28515625	-99.0	-99.0	-1.0	-1.0	20066582.0	
2016-10-13 16:08:56,536 	 <Dispatcher> 	 Level 45 	 missing_raw	1476353336	28.0	187.0	176.0	393.0	-99.0	-99.0	-1.0	-1.0	28.0	
2016-10-13 16:09:06,537 	 <Dispatcher> 	 Level 45 	 missing	1476353346	21049388.0	3.80443263054	3003.62353516	2734.31640625	-99.0	-99.0	-1.0	-1.0	21049388.0	
2016-10-13 16:09:06,545 	 <Dispatcher> 	 Level 45 	 missing_raw	1476353346	25.0	176.0	177.0	389.0	-99.0	-99.0	-1.0	-1.0	25.0	
2016-10-13 16:09:16,551 	 <Dispatcher> 	 Level 45 	 missing	1476353356	20524292.0	1.49575781822	3064.06225586	2487.24609375	-99.0	-99.0	-1.0	-1.0	20524292.0	
2016-10-13 16:09:16,558 	 <Dispatcher> 	 Level 45 	 missing_raw	1476353356	21.0	177.0	182.0	366.0	-99.0	-99.0	-1.0	-1.0	21.0	
2016-10-13 16:09:26,547 	 <Dispatcher> 	 Level 45 	 missing	1476353366	22437516.0	3.83613109589	3064.06225586	2745.05859375	-99.0	-99.0	-1.0	-1.0	22437516.0	
2016-10-13 16:09:26,554 	 <Dispatcher> 	 Level 45 	 missing_raw	1476353366	33.0	192.0	180.0	390.0	-99.0	-99.0	-1.0	-1.0	33.0	
2016-10-13 16:09:36,550 	 <Dispatcher> 	 Level 45 	 missing	1476353376	24221826.0	2.48236751556	2827.18017578	2970.64453125	-99.0	-99.0	-1.0	-1.0	24221826.0	
2016-10-13 16:09:36,558 	 <Dispatcher> 	 Level 45 	 missing_raw	1476353376	16.0	171.0	173.0	411.0	-99.0	-99.0	-1.0	-1.0	16.0	
2016-10-13 16:09:46,550 	 <Dispatcher> 	 Level 45 	 missing	1476353386	22524110.0	1.58746111393	2713.55004883	2530.21484375	-99.0	-99.0	-1.0	-1.0	22524110.0	
2016-10-13 16:09:46,559 	 <Dispatcher> 	 Level 45 	 missing_raw	1476353386	14.0	171.0	170.0	370.0	-99.0	-99.0	-1.0	-1.0	14.0	
2016-10-13 16:09:56,551 	 <Dispatcher> 	 Level 45 	 missing	1476353396	28281158.0	2.88043475151	2769.96948242	2745.05859375	-99.0	-99.0	-1.0	-1.0	28281158.0	
2016-10-13 16:09:56,559 	 <Dispatcher> 	 Level 45 	 missing_raw	1476353396	17.0	172.0	173.0	390.0	-99.0	-99.0	-1.0	-1.0	17.0	
2016-10-13 16:10:06,559 	 <Dispatcher> 	 Level 45 	 missing	1476353406	21901468.0	1.95465230942	2713.55004883	2540.95703125	-99.0	-99.0	-1.0	-1.0	21901468.0	
2016-10-13 16:10:06,566 	 <Dispatcher> 	 Level 45 	 missing_raw	1476353406	17.0	168.0	170.0	371.0	-99.0	-99.0	-1.0	-1.0	17.0	
2016-10-13 16:10:16,557 	 <Dispatcher> 	 Level 45 	 missing	1476353416	20724502.0	1.47615253925	2575.92456055	2573.18359375	-99.0	-99.0	-1.0	-1.0	20724502.0	
2016-10-13 16:10:16,565 	 <Dispatcher> 	 Level 45 	 missing_raw	1476353416	5.0	160.0	167.0	374.0	-99.0	-99.0	-1.0	-1.0	5.0	
2016-10-13 16:10:26,543 	 <Dispatcher> 	 Level 45 	 missing	1476353426	21353874.0	1.48447954655	2548.97998047	2519.47265625	-99.0	-99.0	-1.0	-1.0	21353874.0	
2016-10-13 16:10:26,550 	 <Dispatcher> 	 Level 45 	 missing_raw	1476353426	9.0	164.0	165.0	369.0	-99.0	-99.0	-1.0	-1.0	9.0	
2016-10-13 16:10:36,558 	 <Dispatcher> 	 Level 45 	 missing	1476353436	23679436.0	3.34091424942	3033.74047852	2659.12109375	-99.0	-99.0	-1.0	-1.0	23679436.0	
2016-10-13 16:10:36,565 	 <Dispatcher> 	 Level 45 	 missing_raw	1476353436	33.0	190.0	177.0	382.0	-99.0	-99.0	-1.0	-1.0	33.0	
2016-10-13 16:10:46,571 	 <Dispatcher> 	 Level 45 	 missing	1476353446	25994056.0	3.06395363808	3033.74047852	2830.99609375	-99.0	-99.0	-1.0	-1.0	25994056.0	
2016-10-13 16:10:46,581 	 <Dispatcher> 	 Level 45 	 missing_raw	1476353446	31.0	190.0	175.0	398.0	-99.0	-99.0	-1.0	-1.0	31.0	
2016-10-13 16:10:56,563 	 <Dispatcher> 	 Level 45 	 missing	1476353456	32268836.0	3.25648617744	3033.74047852	2669.86328125	-99.0	-99.0	-1.0	-1.0	32268836.0	
2016-10-13 16:10:56,570 	 <Dispatcher> 	 Level 45 	 missing_raw	1476353456	28.0	187.0	176.0	383.0	-99.0	-99.0	-1.0	-1.0	28.0	
2016-10-13 16:11:06,559 	 <Dispatcher> 	 Level 45 	 missing	1476353466	23177708.0	3.69419622421	2944.0012207	2755.80078125	-99.0	-99.0	-1.0	-1.0	23177708.0	
2016-10-13 16:11:06,565 	 <Dispatcher> 	 Level 45 	 missing_raw	1476353466	26.0	181.0	177.0	391.0	-99.0	-99.0	-1.0	-1.0	26.0	
2016-10-13 16:11:16,564 	 <Dispatcher> 	 Level 45 	 missing	1476353476	25448104.0	1.17902696133	2575.92456055	2616.15234375	-99.0	-99.0	-1.0	-1.0	25448104.0	
2016-10-13 16:11:16,572 	 <Dispatcher> 	 Level 45 	 missing_raw	1476353476	6.0	157.0	170.0	378.0	-99.0	-99.0	-1.0	-1.0	6.0	
2016-10-13 16:11:26,565 	 <Dispatcher> 	 Level 45 	 missing	1476353486	20017994.0	1.18344080448	2630.3918457	2508.73046875	-99.0	-99.0	-1.0	-1.0	20017994.0	
2016-10-13 16:11:26,572 	 <Dispatcher> 	 Level 45 	 missing_raw	1476353486	11.0	165.0	171.0	368.0	-99.0	-99.0	-1.0	-1.0	11.0	
2016-10-13 16:11:36,568 	 <Dispatcher> 	 Level 45 	 missing	1476353496	30006826.0	1.71125018597	2827.18017578	2551.69921875	-99.0	-99.0	-1.0	-1.0	30006826.0	
2016-10-13 16:11:36,575 	 <Dispatcher> 	 Level 45 	 missing_raw	1476353496	24.0	180.0	174.0	372.0	-99.0	-99.0	-1.0	-1.0	24.0	
2016-10-13 16:11:47,414 	 <Dispatcher> 	 Level 45 	 missing	1476353506	21199096.0	4.00168180466	2973.71069336	2734.31640625	-99.0	-99.0	-1.0	-1.0	21199096.0	
2016-10-13 16:11:47,421 	 <Dispatcher> 	 Level 45 	 missing_raw	1476353506	30.0	183.0	175.0	389.0	-99.0	-99.0	-1.0	-1.0	30.0	
2016-10-13 16:11:56,573 	 <Dispatcher> 	 Level 45 	 missing	1476353516	23252606.0	2.41655874252	2685.63525391	2712.83203125	-99.0	-99.0	-1.0	-1.0	23252606.0	
2016-10-13 16:11:56,580 	 <Dispatcher> 	 Level 45 	 missing_raw	1476353516	11.0	164.0	173.0	387.0	-99.0	-99.0	-1.0	-1.0	11.0	
2016-10-13 16:12:06,556 	 <Dispatcher> 	 Level 45 	 missing	1476353526	24466284.0	3.03939557076	2769.96948242	2712.83203125	-99.0	-99.0	-1.0	-1.0	24466284.0	
2016-10-13 16:12:06,563 	 <Dispatcher> 	 Level 45 	 missing_raw	1476353526	15.0	172.0	170.0	387.0	-99.0	-99.0	-1.0	-1.0	15.0	
2016-10-13 16:12:16,573 	 <Dispatcher> 	 Level 45 	 missing	1476353536	21943706.0	3.89927983284	3003.62353516	2745.05859375	-99.0	-99.0	-1.0	-1.0	21943706.0	
2016-10-13 16:12:16,581 	 <Dispatcher> 	 Level 45 	 missing_raw	1476353536	31.0	179.0	178.0	390.0	-99.0	-99.0	-1.0	-1.0	31.0	
2016-10-13 16:12:26,577 	 <Dispatcher> 	 Level 45 	 missing	1476353546	24190852.0	2.41609692574	2741.66113281	2712.83203125	-99.0	-99.0	-1.0	-1.0	24190852.0	
2016-10-13 16:12:26,585 	 <Dispatcher> 	 Level 45 	 missing_raw	1476353546	14.0	166.0	173.0	387.0	-99.0	-99.0	-1.0	-1.0	14.0	
2016-10-13 16:12:36,575 	 <Dispatcher> 	 Level 45 	 missing	1476353556	31934476.0	3.00868535042	3003.62353516	2594.66796875	-99.0	-99.0	-1.0	-1.0	31934476.0	
2016-10-13 16:12:36,583 	 <Dispatcher> 	 Level 45 	 missing_raw	1476353556	31.0	184.0	175.0	376.0	-99.0	-99.0	-1.0	-1.0	31.0	
2016-10-13 16:12:46,561 	 <Dispatcher> 	 Level 45 	 missing	1476353566	23260020.0	1.92496693134	3064.06225586	2702.08984375	-99.0	-99.0	-1.0	-1.0	23260020.0	
2016-10-13 16:12:46,568 	 <Dispatcher> 	 Level 45 	 missing_raw	1476353566	31.0	188.0	174.0	386.0	-99.0	-99.0	-1.0	-1.0	31.0	
2016-10-13 16:12:56,577 	 <Dispatcher> 	 Level 45 	 missing	1476353576	19706760.0	1.28084051609	2522.22729492	2712.83203125	-99.0	-99.0	-1.0	-1.0	19706760.0	
2016-10-13 16:12:56,585 	 <Dispatcher> 	 Level 45 	 missing_raw	1476353576	9.0	161.0	169.0	387.0	-99.0	-99.0	-1.0	-1.0	9.0	
2016-10-13 16:13:06,571 	 <Dispatcher> 	 Level 45 	 missing	1476353586	23102740.0	3.3385310173	3003.62353516	2669.86328125	-99.0	-99.0	-1.0	-1.0	23102740.0	
2016-10-13 16:13:06,577 	 <Dispatcher> 	 Level 45 	 missing_raw	1476353586	32.0	184.0	176.0	383.0	-99.0	-99.0	-1.0	-1.0	32.0	
2016-10-13 16:13:16,580 	 <Dispatcher> 	 Level 45 	 missing	1476353596	23777414.0	1.92180132866	2495.66552734	2540.95703125	-99.0	-99.0	-1.0	-1.0	23777414.0	
2016-10-13 16:13:17,048 	 <Dispatcher> 	 Level 45 	 missing_raw	1476353596	6.0	153.0	168.0	371.0	-99.0	-99.0	-1.0	-1.0	6.0	
2016-10-13 16:13:26,579 	 <Dispatcher> 	 Level 45 	 missing	1476353606	20209444.0	3.99904370308	2944.0012207	2702.08984375	-99.0	-99.0	-1.0	-1.0	20209444.0	
2016-10-13 16:13:26,587 	 <Dispatcher> 	 Level 45 	 missing_raw	1476353606	26.0	178.0	175.0	386.0	-99.0	-99.0	-1.0	-1.0	26.0	
2016-10-13 16:13:36,580 	 <Dispatcher> 	 Level 45 	 missing	1476353616	23414096.0	3.62231254578	3094.58984375	2680.60546875	-99.0	-99.0	-1.0	-1.0	23414096.0	
2016-10-13 16:13:36,588 	 <Dispatcher> 	 Level 45 	 missing_raw	1476353616	33.0	187.0	179.0	384.0	-99.0	-99.0	-1.0	-1.0	33.0	
2016-10-13 16:13:46,583 	 <Dispatcher> 	 Level 45 	 missing	1476353626	24651500.0	1.69931042194	2827.18017578	2540.95703125	-99.0	-99.0	-1.0	-1.0	24651500.0	
2016-10-13 16:13:46,590 	 <Dispatcher> 	 Level 45 	 missing_raw	1476353626	25.0	177.0	173.0	371.0	-99.0	-99.0	-1.0	-1.0	25.0	
2016-10-13 16:13:56,586 	 <Dispatcher> 	 Level 45 	 missing	1476353636	21473818.0	1.25968825817	2630.3918457	2476.50390625	-99.0	-99.0	-1.0	-1.0	21473818.0	
2016-10-13 16:13:56,593 	 <Dispatcher> 	 Level 45 	 missing_raw	1476353636	13.0	163.0	169.0	365.0	-99.0	-99.0	-1.0	-1.0	13.0	
2016-10-13 16:14:06,585 	 <Dispatcher> 	 Level 45 	 missing	1476353646	21196298.0	4.4315867424	2944.0012207	2712.83203125	-99.0	-99.0	-1.0	-1.0	21196298.0	
2016-10-13 16:14:06,593 	 <Dispatcher> 	 Level 45 	 missing_raw	1476353646	29.0	180.0	174.0	387.0	-99.0	-99.0	-1.0	-1.0	29.0	
2016-10-13 16:14:16,586 	 <Dispatcher> 	 Level 45 	 missing	1476353656	20837962.0	1.18319749832	2603.06152344	2487.24609375	-99.0	-99.0	-1.0	-1.0	20837962.0	
2016-10-13 16:14:16,594 	 <Dispatcher> 	 Level 45 	 missing_raw	1476353656	13.0	162.0	169.0	366.0	-99.0	-99.0	-1.0	-1.0	13.0	
2016-10-13 16:14:26,588 	 <Dispatcher> 	 Level 45 	 missing	1476353666	21923912.0	3.86231994629	2944.0012207	2702.08984375	-99.0	-99.0	-1.0	-1.0	21923912.0	
2016-10-13 16:14:26,596 	 <Dispatcher> 	 Level 45 	 missing_raw	1476353666	25.0	175.0	173.0	386.0	-99.0	-99.0	-1.0	-1.0	25.0	
2016-10-13 16:14:36,588 	 <Dispatcher> 	 Level 45 	 missing	1476353676	22998586.0	3.43762564659	3033.74047852	2702.08984375	-99.0	-99.0	-1.0	-1.0	22998586.0	
2016-10-13 16:14:36,596 	 <Dispatcher> 	 Level 45 	 missing_raw	1476353676	33.0	187.0	178.0	386.0	-99.0	-99.0	-1.0	-1.0	33.0	
2016-10-13 16:14:46,591 	 <Dispatcher> 	 Level 45 	 missing	1476353686	21488284.0	3.48861074448	2827.18017578	2669.86328125	-99.0	-99.0	-1.0	-1.0	21488284.0	
2016-10-13 16:14:46,598 	 <Dispatcher> 	 Level 45 	 missing_raw	1476353686	20.0	171.0	173.0	383.0	-99.0	-99.0	-1.0	-1.0	20.0	
2016-10-13 16:14:56,592 	 <Dispatcher> 	 Level 45 	 missing	1476353696	23171184.0	2.82626891136	3033.74047852	2659.12109375	-99.0	-99.0	-1.0	-1.0	23171184.0	
2016-10-13 16:14:56,600 	 <Dispatcher> 	 Level 45 	 missing_raw	1476353696	32.0	182.0	176.0	382.0	-99.0	-99.0	-1.0	-1.0	32.0	
2016-10-13 16:15:06,596 	 <Dispatcher> 	 Level 45 	 missing	1476353706	21474294.0	4.04306077957	3003.62353516	2691.34765625	-99.0	-99.0	-1.0	-1.0	21474294.0	
2016-10-13 16:15:06,604 	 <Dispatcher> 	 Level 45 	 missing_raw	1476353706	33.0	183.0	178.0	385.0	-99.0	-99.0	-1.0	-1.0	33.0	
2016-10-13 16:15:16,598 	 <Dispatcher> 	 Level 45 	 missing	1476353716	20037348.0	1.4859817028	2548.97998047	2487.24609375	-99.0	-99.0	-1.0	-1.0	20037348.0	
2016-10-13 16:15:16,606 	 <Dispatcher> 	 Level 45 	 missing_raw	1476353716	9.0	156.0	167.0	366.0	-99.0	-99.0	-1.0	-1.0	9.0	
2016-10-13 16:15:26,601 	 <Dispatcher> 	 Level 45 	 missing	1476353726	22837162.0	2.5731844902	2657.91625977	2637.63671875	-99.0	-99.0	-1.0	-1.0	22837162.0	
2016-10-13 16:15:26,609 	 <Dispatcher> 	 Level 45 	 missing_raw	1476353726	14.0	163.0	170.0	380.0	-99.0	-99.0	-1.0	-1.0	14.0	
2016-10-13 16:15:36,600 	 <Dispatcher> 	 Level 45 	 missing	1476353736	21468216.0	1.07416510582	2685.63525391	2497.98828125	-99.0	-99.0	-1.0	-1.0	21468216.0	
2016-10-13 16:15:36,608 	 <Dispatcher> 	 Level 45 	 missing_raw	1476353736	14.0	162.0	167.0	367.0	-99.0	-99.0	-1.0	-1.0	14.0	
2016-10-13 16:15:46,602 	 <Dispatcher> 	 Level 45 	 missing	1476353746	26320958.0	3.03623056412	2603.06152344	2594.66796875	-99.0	-99.0	-1.0	-1.0	26320958.0	
2016-10-13 16:15:46,609 	 <Dispatcher> 	 Level 45 	 missing_raw	1476353746	10.0	161.0	170.0	376.0	-99.0	-99.0	-1.0	-1.0	10.0	
2016-10-13 16:15:56,601 	 <Dispatcher> 	 Level 45 	 missing	1476353756	21895114.0	1.25042009354	2685.63525391	2508.73046875	-99.0	-99.0	-1.0	-1.0	21895114.0	
2016-10-13 16:15:56,609 	 <Dispatcher> 	 Level 45 	 missing_raw	1476353756	17.0	165.0	170.0	368.0	-99.0	-99.0	-1.0	-1.0	17.0	
2016-10-13 16:16:06,606 	 <Dispatcher> 	 Level 45 	 missing	1476353766	20973672.0	2.00822424889	2495.66552734	2605.41015625	-99.0	-99.0	-1.0	-1.0	20973672.0	
2016-10-13 16:16:06,614 	 <Dispatcher> 	 Level 45 	 missing_raw	1476353766	6.0	152.0	168.0	377.0	-99.0	-99.0	-1.0	-1.0	6.0	
2016-10-13 16:16:16,608 	 <Dispatcher> 	 Level 45 	 missing	1476353776	25551244.0	1.18678104877	2769.96948242	2583.92578125	-99.0	-99.0	-1.0	-1.0	25551244.0	
2016-10-13 16:16:16,616 	 <Dispatcher> 	 Level 45 	 missing_raw	1476353776	22.0	173.0	170.0	375.0	-99.0	-99.0	-1.0	-1.0	22.0	
2016-10-13 16:16:26,605 	 <Dispatcher> 	 Level 45 	 missing	1476353786	19707910.0	1.55556380749	2522.22729492	2476.50390625	-99.0	-99.0	-1.0	-1.0	19707910.0	
2016-10-13 16:16:26,613 	 <Dispatcher> 	 Level 45 	 missing_raw	1476353786	8.0	157.0	167.0	365.0	-99.0	-99.0	-1.0	-1.0	8.0	
2016-10-13 16:16:36,606 	 <Dispatcher> 	 Level 45 	 missing	1476353796	21219106.0	1.21817493439	2630.3918457	2530.21484375	-99.0	-99.0	-1.0	-1.0	21219106.0	
2016-10-13 16:16:36,614 	 <Dispatcher> 	 Level 45 	 missing_raw	1476353796	17.0	162.0	169.0	370.0	-99.0	-99.0	-1.0	-1.0	17.0	
2016-10-13 16:16:46,607 	 <Dispatcher> 	 Level 45 	 missing	1476353806	20916608.0	4.25908517838	2885.1887207	2669.86328125	-99.0	-99.0	-1.0	-1.0	20916608.0	
2016-10-13 16:16:46,614 	 <Dispatcher> 	 Level 45 	 missing_raw	1476353806	24.0	173.0	175.0	383.0	-99.0	-99.0	-1.0	-1.0	24.0	
2016-10-13 16:16:56,608 	 <Dispatcher> 	 Level 45 	 missing	1476353816	19941980.0	1.25122153759	2657.91625977	2508.73046875	-99.0	-99.0	-1.0	-1.0	19941980.0	
2016-10-13 16:16:56,616 	 <Dispatcher> 	 Level 45 	 missing_raw	1476353816	13.0	160.0	167.0	368.0	-99.0	-99.0	-1.0	-1.0	13.0	
2016-10-13 16:17:06,613 	 <Dispatcher> 	 Level 45 	 missing	1476353826	23405858.0	3.93237900734	2741.66113281	2616.15234375	-99.0	-99.0	-1.0	-1.0	23405858.0	
2016-10-13 16:17:06,620 	 <Dispatcher> 	 Level 45 	 missing_raw	1476353826	18.0	166.0	172.0	378.0	-99.0	-99.0	-1.0	-1.0	18.0	
2016-10-13 16:17:16,610 	 <Dispatcher> 	 Level 45 	 missing	1476353836	25128388.0	2.74799799919	2443.11206055	2497.98828125	-99.0	-99.0	-1.0	-1.0	25128388.0	
2016-10-13 16:17:16,618 	 <Dispatcher> 	 Level 45 	 missing_raw	1476353836	5.0	152.0	167.0	367.0	-99.0	-99.0	-1.0	-1.0	5.0	
2016-10-13 16:17:26,613 	 <Dispatcher> 	 Level 45 	 missing	1476353846	21409454.0	1.13339555264	2713.55004883	2530.21484375	-99.0	-99.0	-1.0	-1.0	21409454.0	
2016-10-13 16:17:26,620 	 <Dispatcher> 	 Level 45 	 missing_raw	1476353846	18.0	166.0	170.0	370.0	-99.0	-99.0	-1.0	-1.0	18.0	
2016-10-13 16:17:36,614 	 <Dispatcher> 	 Level 45 	 missing	1476353856	26691106.0	1.96590423584	3064.06225586	2680.60546875	-99.0	-99.0	-1.0	-1.0	26691106.0	
2016-10-13 16:17:36,621 	 <Dispatcher> 	 Level 45 	 missing_raw	1476353856	37.0	183.0	178.0	384.0	-99.0	-99.0	-1.0	-1.0	37.0	
2016-10-13 16:17:46,615 	 <Dispatcher> 	 Level 45 	 missing	1476353866	20229394.0	3.87682676315	2856.08447266	2669.86328125	-99.0	-99.0	-1.0	-1.0	20229394.0	
2016-10-13 16:17:46,623 	 <Dispatcher> 	 Level 45 	 missing_raw	1476353866	23.0	172.0	174.0	383.0	-99.0	-99.0	-1.0	-1.0	23.0	
2016-10-13 16:17:56,617 	 <Dispatcher> 	 Level 45 	 missing	1476353876	22424740.0	2.40003824234	3033.74047852	2691.34765625	-99.0	-99.0	-1.0	-1.0	22424740.0	
2016-10-13 16:17:56,624 	 <Dispatcher> 	 Level 45 	 missing_raw	1476353876	31.0	180.0	177.0	385.0	-99.0	-99.0	-1.0	-1.0	31.0	
2016-10-13 16:18:06,619 	 <Dispatcher> 	 Level 45 	 missing	1476353886	20203756.0	3.90058350563	2885.1887207	2669.86328125	-99.0	-99.0	-1.0	-1.0	20203756.0	
2016-10-13 16:18:06,626 	 <Dispatcher> 	 Level 45 	 missing_raw	1476353886	25.0	172.0	175.0	383.0	-99.0	-99.0	-1.0	-1.0	25.0	
2016-10-13 16:18:16,619 	 <Dispatcher> 	 Level 45 	 missing	1476353896	21232186.0	3.65428924561	2741.66113281	2626.89453125	-99.0	-99.0	-1.0	-1.0	21232186.0	
2016-10-13 16:18:16,627 	 <Dispatcher> 	 Level 45 	 missing_raw	1476353896	18.0	170.0	173.0	379.0	-99.0	-99.0	-1.0	-1.0	18.0	
2016-10-13 16:18:26,623 	 <Dispatcher> 	 Level 45 	 missing	1476353906	20142264.0	1.87602615356	2548.97998047	2497.98828125	-99.0	-99.0	-1.0	-1.0	20142264.0	
2016-10-13 16:18:26,630 	 <Dispatcher> 	 Level 45 	 missing_raw	1476353906	9.0	154.0	167.0	367.0	-99.0	-99.0	-1.0	-1.0	9.0	
2016-10-13 16:18:36,629 	 <Dispatcher> 	 Level 45 	 missing	1476353916	20030436.0	3.59736871719	2914.49414062	2659.12109375	-99.0	-99.0	-1.0	-1.0	20030436.0	
2016-10-13 16:18:36,636 	 <Dispatcher> 	 Level 45 	 missing_raw	1476353916	24.0	173.0	174.0	382.0	-99.0	-99.0	-1.0	-1.0	24.0	
2016-10-13 16:18:46,624 	 <Dispatcher> 	 Level 45 	 missing	1476353926	19134262.0	1.5608137846	2575.92456055	2508.73046875	-99.0	-99.0	-1.0	-1.0	19134262.0	
2016-10-13 16:18:46,631 	 <Dispatcher> 	 Level 45 	 missing_raw	1476353926	13.0	158.0	168.0	368.0	-99.0	-99.0	-1.0	-1.0	13.0	
2016-10-13 16:18:56,627 	 <Dispatcher> 	 Level 45 	 missing	1476353936	20572378.0	3.65199303627	3033.74047852	2680.60546875	-99.0	-99.0	-1.0	-1.0	20572378.0	
2016-10-13 16:18:56,634 	 <Dispatcher> 	 Level 45 	 missing_raw	1476353936	27.0	180.0	176.0	384.0	-99.0	-99.0	-1.0	-1.0	27.0	
2016-10-13 16:19:06,627 	 <Dispatcher> 	 Level 45 	 missing	1476353946	20648354.0	4.09130096436	2827.18017578	2626.89453125	-99.0	-99.0	-1.0	-1.0	20648354.0	
2016-10-13 16:19:06,635 	 <Dispatcher> 	 Level 45 	 missing_raw	1476353946	20.0	169.0	173.0	379.0	-99.0	-99.0	-1.0	-1.0	20.0	
2016-10-13 16:19:16,628 	 <Dispatcher> 	 Level 45 	 missing	1476353956	22208020.0	1.37899947166	2741.66113281	2583.92578125	-99.0	-99.0	-1.0	-1.0	22208020.0	
2016-10-13 16:19:16,636 	 <Dispatcher> 	 Level 45 	 missing_raw	1476353956	22.0	168.0	171.0	375.0	-99.0	-99.0	-1.0	-1.0	22.0	
2016-10-13 16:19:26,696 	 <Dispatcher> 	 Level 45 	 missing	1476353966	25155810.0	2.43280029297	2630.3918457	2551.69921875	-99.0	-99.0	-1.0	-1.0	25155810.0	
2016-10-13 16:19:26,701 	 <Dispatcher> 	 Level 45 	 missing_raw	1476353966	13.0	165.0	168.0	372.0	-99.0	-99.0	-1.0	-1.0	13.0	
2016-10-13 16:19:36,633 	 <Dispatcher> 	 Level 45 	 missing	1476353976	23366042.0	2.76923274994	2469.29418945	2476.50390625	-99.0	-99.0	-1.0	-1.0	23366042.0	
2016-10-13 16:19:36,640 	 <Dispatcher> 	 Level 45 	 missing_raw	1476353976	5.0	153.0	166.0	365.0	-99.0	-99.0	-1.0	-1.0	5.0	
2016-10-13 16:19:46,631 	 <Dispatcher> 	 Level 45 	 missing	1476353986	25182836.0	3.73889708519	2522.22729492	2497.98828125	-99.0	-99.0	-1.0	-1.0	25182836.0	
2016-10-13 16:19:46,638 	 <Dispatcher> 	 Level 45 	 missing_raw	1476353986	4.0	155.0	167.0	367.0	-99.0	-99.0	-1.0	-1.0	4.0	
2016-10-13 16:19:56,633 	 <Dispatcher> 	 Level 45 	 missing	1476353996	25790674.0	1.17044150829	2885.1887207	2648.37890625	-99.0	-99.0	-1.0	-1.0	25790674.0	
2016-10-13 16:19:56,640 	 <Dispatcher> 	 Level 45 	 missing_raw	1476353996	26.0	173.0	172.0	381.0	-99.0	-99.0	-1.0	-1.0	26.0	
2016-10-13 16:20:06,634 	 <Dispatcher> 	 Level 45 	 missing	1476354006	18741308.0	1.9428268671	2657.91625977	2551.69921875	-99.0	-99.0	-1.0	-1.0	18741308.0	
2016-10-13 16:20:06,641 	 <Dispatcher> 	 Level 45 	 missing_raw	1476354006	15.0	161.0	167.0	372.0	-99.0	-99.0	-1.0	-1.0	15.0	
2016-10-13 16:20:16,634 	 <Dispatcher> 	 Level 45 	 missing	1476354016	28246492.0	1.3385835886	2973.71069336	2702.08984375	-99.0	-99.0	-1.0	-1.0	28246492.0	
2016-10-13 16:20:16,642 	 <Dispatcher> 	 Level 45 	 missing_raw	1476354016	33.0	180.0	177.0	386.0	-99.0	-99.0	-1.0	-1.0	33.0	
2016-10-13 16:20:26,636 	 <Dispatcher> 	 Level 45 	 missing	1476354026	20967598.0	3.3884062767	2548.97998047	2487.24609375	-99.0	-99.0	-1.0	-1.0	20967598.0	
2016-10-13 16:20:26,644 	 <Dispatcher> 	 Level 45 	 missing_raw	1476354026	7.0	156.0	168.0	366.0	-99.0	-99.0	-1.0	-1.0	7.0	
2016-10-13 16:20:36,637 	 <Dispatcher> 	 Level 45 	 missing	1476354036	22839762.0	3.87017607689	2685.63525391	2551.69921875	-99.0	-99.0	-1.0	-1.0	22839762.0	
2016-10-13 16:20:36,644 	 <Dispatcher> 	 Level 45 	 missing_raw	1476354036	14.0	165.0	171.0	372.0	-99.0	-99.0	-1.0	-1.0	14.0	
2016-10-13 16:20:46,642 	 <Dispatcher> 	 Level 45 	 missing	1476354046	20399204.0	1.96847832203	2944.0012207	2669.86328125	-99.0	-99.0	-1.0	-1.0	20399204.0	
2016-10-13 16:20:46,650 	 <Dispatcher> 	 Level 45 	 missing_raw	1476354046	30.0	180.0	177.0	383.0	-99.0	-99.0	-1.0	-1.0	30.0	
2016-10-13 16:20:56,640 	 <Dispatcher> 	 Level 45 	 missing	1476354056	22937074.0	3.48966908455	2713.55004883	2562.44140625	-99.0	-99.0	-1.0	-1.0	22937074.0	
2016-10-13 16:20:56,648 	 <Dispatcher> 	 Level 45 	 missing_raw	1476354056	12.0	164.0	170.0	373.0	-99.0	-99.0	-1.0	-1.0	12.0	
2016-10-13 16:21:06,641 	 <Dispatcher> 	 Level 45 	 missing	1476354066	26940406.0	4.00461101532	2548.97998047	2519.47265625	-99.0	-99.0	-1.0	-1.0	26940406.0	
2016-10-13 16:21:06,649 	 <Dispatcher> 	 Level 45 	 missing_raw	1476354066	9.0	158.0	168.0	369.0	-99.0	-99.0	-1.0	-1.0	9.0	
2016-10-13 16:21:16,643 	 <Dispatcher> 	 Level 45 	 missing	1476354076	20610580.0	3.26154661179	2769.96948242	2594.66796875	-99.0	-99.0	-1.0	-1.0	20610580.0	
2016-10-13 16:21:16,650 	 <Dispatcher> 	 Level 45 	 missing_raw	1476354076	19.0	168.0	174.0	376.0	-99.0	-99.0	-1.0	-1.0	19.0	
2016-10-13 16:21:26,647 	 <Dispatcher> 	 Level 45 	 missing	1476354086	21361704.0	1.31284224987	2741.66113281	2616.15234375	-99.0	-99.0	-1.0	-1.0	21361704.0	
2016-10-13 16:21:26,654 	 <Dispatcher> 	 Level 45 	 missing_raw	1476354086	20.0	166.0	171.0	378.0	-99.0	-99.0	-1.0	-1.0	20.0	
2016-10-13 16:21:36,646 	 <Dispatcher> 	 Level 45 	 missing	1476354096	21419502.0	3.54930686951	2713.55004883	2583.92578125	-99.0	-99.0	-1.0	-1.0	21419502.0	
2016-10-13 16:21:36,653 	 <Dispatcher> 	 Level 45 	 missing_raw	1476354096	16.0	167.0	170.0	375.0	-99.0	-99.0	-1.0	-1.0	16.0	
2016-10-13 16:21:46,648 	 <Dispatcher> 	 Level 45 	 missing	1476354106	18838650.0	1.84198105335	2469.29418945	2540.95703125	-99.0	-99.0	-1.0	-1.0	18838650.0	
2016-10-13 16:21:46,656 	 <Dispatcher> 	 Level 45 	 missing_raw	1476354106	16.0	161.0	166.0	371.0	-99.0	-99.0	-1.0	-1.0	16.0	
2016-10-13 16:21:56,649 	 <Dispatcher> 	 Level 45 	 missing	1476354116	29029008.0	1.25910151005	2856.08447266	2680.60546875	-99.0	-99.0	-1.0	-1.0	29029008.0	
2016-10-13 16:21:56,657 	 <Dispatcher> 	 Level 45 	 missing_raw	1476354116	30.0	177.0	174.0	384.0	-99.0	-99.0	-1.0	-1.0	30.0	
2016-10-13 16:22:06,648 	 <Dispatcher> 	 Level 45 	 missing	1476354126	20713682.0	1.7756370306	2885.1887207	2648.37890625	-99.0	-99.0	-1.0	-1.0	20713682.0	
2016-10-13 16:22:06,656 	 <Dispatcher> 	 Level 45 	 missing_raw	1476354126	30.0	177.0	177.0	381.0	-99.0	-99.0	-1.0	-1.0	30.0	
2016-10-13 16:22:16,654 	 <Dispatcher> 	 Level 45 	 missing	1476354136	22350994.0	1.53489327431	2741.66113281	2626.89453125	-99.0	-99.0	-1.0	-1.0	22350994.0	
2016-10-13 16:22:16,661 	 <Dispatcher> 	 Level 45 	 missing_raw	1476354136	22.0	170.0	172.0	379.0	-99.0	-99.0	-1.0	-1.0	22.0	
2016-10-13 16:22:26,651 	 <Dispatcher> 	 Level 45 	 missing	1476354146	20445396.0	2.90941262245	2548.97998047	2519.47265625	-99.0	-99.0	-1.0	-1.0	20445396.0	
2016-10-13 16:22:26,659 	 <Dispatcher> 	 Level 45 	 missing_raw	1476354146	8.0	158.0	167.0	369.0	-99.0	-99.0	-1.0	-1.0	8.0	
2016-10-13 16:22:36,654 	 <Dispatcher> 	 Level 45 	 missing	1476354156	26901694.0	1.28695178032	3033.74047852	2659.12109375	-99.0	-99.0	-1.0	-1.0	26901694.0	
2016-10-13 16:22:36,661 	 <Dispatcher> 	 Level 45 	 missing_raw	1476354156	28.0	174.0	174.0	382.0	-99.0	-99.0	-1.0	-1.0	28.0	
2016-10-13 16:22:46,655 	 <Dispatcher> 	 Level 45 	 missing	1476354166	28344606.0	1.29242026806	3064.06225586	2702.08984375	-99.0	-99.0	-1.0	-1.0	28344606.0	
2016-10-13 16:22:46,663 	 <Dispatcher> 	 Level 45 	 missing_raw	1476354166	32.0	178.0	177.0	386.0	-99.0	-99.0	-1.0	-1.0	32.0	
2016-10-13 16:22:56,657 	 <Dispatcher> 	 Level 45 	 missing	1476354176	19957346.0	2.1347489357	2548.97998047	2508.73046875	-99.0	-99.0	-1.0	-1.0	19957346.0	
2016-10-13 16:22:56,664 	 <Dispatcher> 	 Level 45 	 missing_raw	1476354176	12.0	156.0	167.0	368.0	-99.0	-99.0	-1.0	-1.0	12.0	
2016-10-13 16:23:06,659 	 <Dispatcher> 	 Level 45 	 missing	1476354186	30027356.0	1.24115991592	2944.0012207	2680.60546875	-99.0	-99.0	-1.0	-1.0	30027356.0	
2016-10-13 16:23:06,666 	 <Dispatcher> 	 Level 45 	 missing_raw	1476354186	36.0	179.0	179.0	384.0	-99.0	-99.0	-1.0	-1.0	36.0	
2016-10-13 16:23:16,657 	 <Dispatcher> 	 Level 45 	 missing	1476354196	27934124.0	1.14903855324	2827.18017578	2626.89453125	-99.0	-99.0	-1.0	-1.0	27934124.0	
2016-10-13 16:23:16,665 	 <Dispatcher> 	 Level 45 	 missing_raw	1476354196	26.0	172.0	173.0	379.0	-99.0	-99.0	-1.0	-1.0	26.0	
2016-10-13 16:23:26,660 	 <Dispatcher> 	 Level 45 	 missing	1476354206	20184166.0	2.46546888351	2914.49414062	2712.83203125	-99.0	-99.0	-1.0	-1.0	20184166.0	
2016-10-13 16:23:26,667 	 <Dispatcher> 	 Level 45 	 missing_raw	1476354206	29.0	177.0	174.0	387.0	-99.0	-99.0	-1.0	-1.0	29.0	
2016-10-13 16:23:36,661 	 <Dispatcher> 	 Level 45 	 missing	1476354216	21100304.0	1.08202505112	2685.63525391	2562.44140625	-99.0	-99.0	-1.0	-1.0	21100304.0	
2016-10-13 16:23:36,668 	 <Dispatcher> 	 Level 45 	 missing_raw	1476354216	19.0	165.0	169.0	373.0	-99.0	-99.0	-1.0	-1.0	19.0	
2016-10-13 16:23:46,662 	 <Dispatcher> 	 Level 45 	 missing	1476354226	25901396.0	1.72034740448	3033.74047852	2702.08984375	-99.0	-99.0	-1.0	-1.0	25901396.0	
2016-10-13 16:23:46,674 	 <Dispatcher> 	 Level 45 	 missing_raw	1476354226	34.0	181.0	178.0	386.0	-99.0	-99.0	-1.0	-1.0	34.0	
2016-10-13 16:23:56,664 	 <Dispatcher> 	 Level 45 	 missing	1476354236	20005236.0	2.06686234474	2575.92456055	2508.73046875	-99.0	-99.0	-1.0	-1.0	20005236.0	
2016-10-13 16:23:56,671 	 <Dispatcher> 	 Level 45 	 missing_raw	1476354236	9.0	157.0	167.0	368.0	-99.0	-99.0	-1.0	-1.0	9.0	
2016-10-13 16:24:06,667 	 <Dispatcher> 	 Level 45 	 missing	1476354246	21280894.0	1.47667217255	2741.66113281	2562.44140625	-99.0	-99.0	-1.0	-1.0	21280894.0	
2016-10-13 16:24:06,675 	 <Dispatcher> 	 Level 45 	 missing_raw	1476354246	19.0	165.0	171.0	373.0	-99.0	-99.0	-1.0	-1.0	19.0	
2016-10-13 16:24:16,667 	 <Dispatcher> 	 Level 45 	 missing	1476354256	24298630.0	2.88071060181	2443.11206055	2508.73046875	-99.0	-99.0	-1.0	-1.0	24298630.0	
2016-10-13 16:24:16,675 	 <Dispatcher> 	 Level 45 	 missing_raw	1476354256	4.0	153.0	167.0	368.0	-99.0	-99.0	-1.0	-1.0	4.0	
2016-10-13 16:24:26,668 	 <Dispatcher> 	 Level 45 	 missing	1476354266	20505158.0	2.06637787819	2495.66552734	2487.24609375	-99.0	-99.0	-1.0	-1.0	20505158.0	
2016-10-13 16:24:26,675 	 <Dispatcher> 	 Level 45 	 missing_raw	1476354266	8.0	151.0	168.0	366.0	-99.0	-99.0	-1.0	-1.0	8.0	
2016-10-13 16:24:36,670 	 <Dispatcher> 	 Level 45 	 missing	1476354276	28529178.0	1.32931017876	2944.0012207	2616.15234375	-99.0	-99.0	-1.0	-1.0	28529178.0	
2016-10-13 16:24:36,678 	 <Dispatcher> 	 Level 45 	 missing_raw	1476354276	29.0	177.0	176.0	378.0	-99.0	-99.0	-1.0	-1.0	29.0	
2016-10-13 16:24:46,669 	 <Dispatcher> 	 Level 45 	 missing	1476354286	20607600.0	1.29255652428	2685.63525391	2540.95703125	-99.0	-99.0	-1.0	-1.0	20607600.0	
2016-10-13 16:24:46,683 	 <Dispatcher> 	 Level 45 	 missing_raw	1476354286	16.0	164.0	170.0	371.0	-99.0	-99.0	-1.0	-1.0	16.0	
2016-10-13 16:24:56,670 	 <Dispatcher> 	 Level 45 	 missing	1476354296	26141912.0	2.48253202438	3003.62353516	2669.86328125	-99.0	-99.0	-1.0	-1.0	26141912.0	
2016-10-13 16:24:56,678 	 <Dispatcher> 	 Level 45 	 missing_raw	1476354296	33.0	181.0	177.0	383.0	-99.0	-99.0	-1.0	-1.0	33.0	
2016-10-13 16:25:06,672 	 <Dispatcher> 	 Level 45 	 missing	1476354306	25807180.0	2.71936583519	2522.22729492	2583.92578125	-99.0	-99.0	-1.0	-1.0	25807180.0	
2016-10-13 16:25:06,680 	 <Dispatcher> 	 Level 45 	 missing_raw	1476354306	8.0	154.0	169.0	375.0	-99.0	-99.0	-1.0	-1.0	8.0	
2016-10-13 16:25:16,674 	 <Dispatcher> 	 Level 45 	 missing	1476354316	22547646.0	2.45053672791	2548.97998047	2594.66796875	-99.0	-99.0	-1.0	-1.0	22547646.0	
2016-10-13 16:25:16,681 	 <Dispatcher> 	 Level 45 	 missing_raw	1476354316	7.0	154.0	168.0	376.0	-99.0	-99.0	-1.0	-1.0	7.0	
2016-10-13 16:25:26,677 	 <Dispatcher> 	 Level 45 	 missing	1476354326	25377324.0	1.50152492523	2827.18017578	2540.95703125	-99.0	-99.0	-1.0	-1.0	25377324.0	
2016-10-13 16:25:26,684 	 <Dispatcher> 	 Level 45 	 missing_raw	1476354326	21.0	169.0	172.0	371.0	-99.0	-99.0	-1.0	-1.0	21.0	
2016-10-13 16:25:36,676 	 <Dispatcher> 	 Level 45 	 missing	1476354336	22303792.0	3.43612766266	3003.62353516	2702.08984375	-99.0	-99.0	-1.0	-1.0	22303792.0	
2016-10-13 16:25:36,684 	 <Dispatcher> 	 Level 45 	 missing_raw	1476354336	32.0	181.0	177.0	386.0	-99.0	-99.0	-1.0	-1.0	32.0	
2016-10-13 16:25:46,677 	 <Dispatcher> 	 Level 45 	 missing	1476354346	25580386.0	1.52963829041	2798.47558594	2540.95703125	-99.0	-99.0	-1.0	-1.0	25580386.0	
2016-10-13 16:25:46,685 	 <Dispatcher> 	 Level 45 	 missing_raw	1476354346	23.0	170.0	171.0	371.0	-99.0	-99.0	-1.0	-1.0	23.0	
2016-10-13 16:25:56,678 	 <Dispatcher> 	 Level 45 	 missing	1476354356	23609308.0	3.26286578178	2769.96948242	2669.86328125	-99.0	-99.0	-1.0	-1.0	23609308.0	
2016-10-13 16:25:56,687 	 <Dispatcher> 	 Level 45 	 missing_raw	1476354356	18.0	163.0	172.0	383.0	-99.0	-99.0	-1.0	-1.0	18.0	
2016-10-13 16:26:06,679 	 <Dispatcher> 	 Level 45 	 missing	1476354366	22203344.0	2.00276446342	2522.22729492	2573.18359375	-99.0	-99.0	-1.0	-1.0	22203344.0	
2016-10-13 16:26:06,687 	 <Dispatcher> 	 Level 45 	 missing_raw	1476354366	7.0	152.0	168.0	374.0	-99.0	-99.0	-1.0	-1.0	7.0	
2016-10-13 16:26:16,680 	 <Dispatcher> 	 Level 45 	 missing	1476354376	21728572.0	3.89126682281	2914.49414062	2702.08984375	-99.0	-99.0	-1.0	-1.0	21728572.0	
2016-10-13 16:26:16,688 	 <Dispatcher> 	 Level 45 	 missing_raw	1476354376	27.0	174.0	173.0	386.0	-99.0	-99.0	-1.0	-1.0	27.0	
2016-10-13 16:26:26,684 	 <Dispatcher> 	 Level 45 	 missing	1476354386	22682866.0	1.57819104195	2443.11206055	2540.95703125	-99.0	-99.0	-1.0	-1.0	22682866.0	
2016-10-13 16:26:26,691 	 <Dispatcher> 	 Level 45 	 missing_raw	1476354386	6.0	150.0	166.0	371.0	-99.0	-99.0	-1.0	-1.0	6.0	
2016-10-13 16:26:36,684 	 <Dispatcher> 	 Level 45 	 missing	1476354396	25691910.0	3.01675486565	2657.91625977	2659.12109375	-99.0	-99.0	-1.0	-1.0	25691910.0	
2016-10-13 16:26:36,692 	 <Dispatcher> 	 Level 45 	 missing_raw	1476354396	14.0	161.0	171.0	382.0	-99.0	-99.0	-1.0	-1.0	14.0	
2016-10-13 16:26:46,685 	 <Dispatcher> 	 Level 45 	 missing	1476354406	21224616.0	1.58601307869	2685.63525391	2497.98828125	-99.0	-99.0	-1.0	-1.0	21224616.0	
2016-10-13 16:26:46,693 	 <Dispatcher> 	 Level 45 	 missing_raw	1476354406	16.0	165.0	168.0	367.0	-99.0	-99.0	-1.0	-1.0	16.0	
2016-10-13 16:26:56,688 	 <Dispatcher> 	 Level 45 	 missing	1476354416	24979998.0	2.05587434769	2885.1887207	2551.69921875	-99.0	-99.0	-1.0	-1.0	24979998.0	
2016-10-13 16:26:56,695 	 <Dispatcher> 	 Level 45 	 missing_raw	1476354416	27.0	177.0	173.0	372.0	-99.0	-99.0	-1.0	-1.0	27.0	
2016-10-13 16:27:06,687 	 <Dispatcher> 	 Level 45 	 missing	1476354426	21161488.0	4.07578897476	3003.62353516	2702.08984375	-99.0	-99.0	-1.0	-1.0	21161488.0	
2016-10-13 16:27:06,695 	 <Dispatcher> 	 Level 45 	 missing_raw	1476354426	30.0	176.0	178.0	386.0	-99.0	-99.0	-1.0	-1.0	30.0	
2016-10-13 16:27:16,688 	 <Dispatcher> 	 Level 45 	 missing	1476354436	23918374.0	2.20167779922	2914.49414062	2583.92578125	-99.0	-99.0	-1.0	-1.0	23918374.0	
2016-10-13 16:27:16,696 	 <Dispatcher> 	 Level 45 	 missing_raw	1476354436	26.0	178.0	172.0	375.0	-99.0	-99.0	-1.0	-1.0	26.0	
2016-10-13 16:27:26,690 	 <Dispatcher> 	 Level 45 	 missing	1476354446	21096730.0	1.46083712578	2685.63525391	2519.47265625	-99.0	-99.0	-1.0	-1.0	21096730.0	
2016-10-13 16:27:26,697 	 <Dispatcher> 	 Level 45 	 missing_raw	1476354446	16.0	166.0	169.0	369.0	-99.0	-99.0	-1.0	-1.0	16.0	
2016-10-13 16:27:36,691 	 <Dispatcher> 	 Level 45 	 missing	1476354456	23538810.0	2.34664535522	2685.63525391	2659.12109375	-99.0	-99.0	-1.0	-1.0	23538810.0	
2016-10-13 16:27:36,698 	 <Dispatcher> 	 Level 45 	 missing_raw	1476354456	12.0	158.0	169.0	382.0	-99.0	-99.0	-1.0	-1.0	12.0	
2016-10-13 16:27:46,696 	 <Dispatcher> 	 Level 45 	 missing	1476354466	23578390.0	1.83123660088	2856.08447266	2540.95703125	-99.0	-99.0	-1.0	-1.0	23578390.0	
2016-10-13 16:27:46,712 	 <Dispatcher> 	 Level 45 	 missing_raw	1476354466	26.0	175.0	173.0	371.0	-99.0	-99.0	-1.0	-1.0	26.0	
2016-10-13 16:27:56,694 	 <Dispatcher> 	 Level 45 	 missing	1476354476	20583822.0	3.67495560646	2914.49414062	2702.08984375	-99.0	-99.0	-1.0	-1.0	20583822.0	
2016-10-13 16:27:56,701 	 <Dispatcher> 	 Level 45 	 missing_raw	1476354476	27.0	177.0	176.0	386.0	-99.0	-99.0	-1.0	-1.0	27.0	
2016-10-13 16:28:06,697 	 <Dispatcher> 	 Level 45 	 missing	1476354486	20097328.0	1.18244767189	2495.66552734	2530.21484375	-99.0	-99.0	-1.0	-1.0	20097328.0	
2016-10-13 16:28:06,705 	 <Dispatcher> 	 Level 45 	 missing_raw	1476354486	8.0	155.0	167.0	370.0	-99.0	-99.0	-1.0	-1.0	8.0	
2016-10-13 16:28:16,699 	 <Dispatcher> 	 Level 45 	 missing	1476354496	23417296.0	1.64125955105	2548.97998047	2605.41015625	-99.0	-99.0	-1.0	-1.0	23417296.0	
2016-10-13 16:28:16,706 	 <Dispatcher> 	 Level 45 	 missing_raw	1476354496	6.0	154.0	168.0	377.0	-99.0	-99.0	-1.0	-1.0	6.0	
2016-10-13 16:28:26,698 	 <Dispatcher> 	 Level 45 	 missing	1476354506	22437228.0	3.6648914814	2973.71069336	2637.63671875	-99.0	-99.0	-1.0	-1.0	22437228.0	
2016-10-13 16:28:26,706 	 <Dispatcher> 	 Level 45 	 missing_raw	1476354506	33.0	183.0	177.0	380.0	-99.0	-99.0	-1.0	-1.0	33.0	
2016-10-13 16:28:36,699 	 <Dispatcher> 	 Level 45 	 missing	1476354516	24004260.0	2.28655433655	2685.63525391	2680.60546875	-99.0	-99.0	-1.0	-1.0	24004260.0	
2016-10-13 16:28:36,707 	 <Dispatcher> 	 Level 45 	 missing_raw	1476354516	15.0	160.0	171.0	384.0	-99.0	-99.0	-1.0	-1.0	15.0	
2016-10-13 16:28:46,700 	 <Dispatcher> 	 Level 45 	 missing	1476354526	20424756.0	1.10357391834	2575.92456055	2497.98828125	-99.0	-99.0	-1.0	-1.0	20424756.0	
2016-10-13 16:28:46,708 	 <Dispatcher> 	 Level 45 	 missing_raw	1476354526	10.0	156.0	166.0	367.0	-99.0	-99.0	-1.0	-1.0	10.0	
2016-10-13 16:28:56,702 	 <Dispatcher> 	 Level 45 	 missing	1476354536	26041252.0	2.0253200531	2827.18017578	2530.21484375	-99.0	-99.0	-1.0	-1.0	26041252.0	
2016-10-13 16:28:56,709 	 <Dispatcher> 	 Level 45 	 missing_raw	1476354536	22.0	175.0	170.0	370.0	-99.0	-99.0	-1.0	-1.0	22.0	
2016-10-13 16:29:06,705 	 <Dispatcher> 	 Level 45 	 missing	1476354546	21940534.0	3.84342551231	3033.74047852	2626.89453125	-99.0	-99.0	-1.0	-1.0	21940534.0	
2016-10-13 16:29:06,713 	 <Dispatcher> 	 Level 45 	 missing_raw	1476354546	31.0	180.0	174.0	379.0	-99.0	-99.0	-1.0	-1.0	31.0	
2016-10-13 16:29:16,705 	 <Dispatcher> 	 Level 45 	 missing	1476354556	23738666.0	2.88672304153	2741.66113281	2723.57421875	-99.0	-99.0	-1.0	-1.0	23738666.0	
2016-10-13 16:29:16,712 	 <Dispatcher> 	 Level 45 	 missing_raw	1476354556	20.0	168.0	172.0	388.0	-99.0	-99.0	-1.0	-1.0	20.0	
2016-10-13 16:29:26,709 	 <Dispatcher> 	 Level 45 	 missing	1476354566	25972462.0	1.5175447464	2469.29418945	2605.41015625	-99.0	-99.0	-1.0	-1.0	25972462.0	
2016-10-13 16:29:26,717 	 <Dispatcher> 	 Level 45 	 missing_raw	1476354566	7.0	150.0	165.0	377.0	-99.0	-99.0	-1.0	-1.0	7.0	
2016-10-13 16:29:36,707 	 <Dispatcher> 	 Level 45 	 missing	1476354576	25690792.0	3.35370087624	3003.62353516	2594.66796875	-99.0	-99.0	-1.0	-1.0	25690792.0	
2016-10-13 16:29:36,714 	 <Dispatcher> 	 Level 45 	 missing_raw	1476354576	32.0	182.0	173.0	376.0	-99.0	-99.0	-1.0	-1.0	32.0	
2016-10-13 16:29:46,707 	 <Dispatcher> 	 Level 45 	 missing	1476354586	20447354.0	1.10879969597	2522.22729492	2508.73046875	-99.0	-99.0	-1.0	-1.0	20447354.0	
2016-10-13 16:29:46,715 	 <Dispatcher> 	 Level 45 	 missing_raw	1476354586	10.0	157.0	166.0	368.0	-99.0	-99.0	-1.0	-1.0	10.0	
2016-10-13 16:29:56,709 	 <Dispatcher> 	 Level 45 	 missing	1476354596	26143854.0	2.84674429893	3003.62353516	2573.18359375	-99.0	-99.0	-1.0	-1.0	26143854.0	
2016-10-13 16:29:56,716 	 <Dispatcher> 	 Level 45 	 missing_raw	1476354596	31.0	181.0	176.0	374.0	-99.0	-99.0	-1.0	-1.0	31.0	
2016-10-13 16:30:06,715 	 <Dispatcher> 	 Level 45 	 missing	1476354606	23344004.0	3.73806357384	3064.06225586	2626.89453125	-99.0	-99.0	-1.0	-1.0	23344004.0	
2016-10-13 16:30:06,722 	 <Dispatcher> 	 Level 45 	 missing_raw	1476354606	32.0	182.0	178.0	379.0	-99.0	-99.0	-1.0	-1.0	32.0	
2016-10-13 16:30:16,712 	 <Dispatcher> 	 Level 45 	 missing	1476354616	23803488.0	2.93626737595	2741.66113281	2723.57421875	-99.0	-99.0	-1.0	-1.0	23803488.0	
2016-10-13 16:30:16,720 	 <Dispatcher> 	 Level 45 	 missing_raw	1476354616	21.0	166.0	174.0	388.0	-99.0	-99.0	-1.0	-1.0	21.0	
2016-10-13 16:30:26,714 	 <Dispatcher> 	 Level 45 	 missing	1476354626	25747286.0	1.6906260252	2575.92456055	2659.12109375	-99.0	-99.0	-1.0	-1.0	25747286.0	
2016-10-13 16:30:26,721 	 <Dispatcher> 	 Level 45 	 missing_raw	1476354626	7.0	152.0	168.0	382.0	-99.0	-99.0	-1.0	-1.0	7.0	
2016-10-13 16:30:36,716 	 <Dispatcher> 	 Level 45 	 missing	1476354636	20418616.0	1.23468220234	2495.66552734	2519.47265625	-99.0	-99.0	-1.0	-1.0	20418616.0	
2016-10-13 16:30:36,723 	 <Dispatcher> 	 Level 45 	 missing_raw	1476354636	8.0	154.0	168.0	369.0	-99.0	-99.0	-1.0	-1.0	8.0	
2016-10-13 16:30:46,716 	 <Dispatcher> 	 Level 45 	 missing	1476354646	24306206.0	2.8266787529	2914.49414062	2562.44140625	-99.0	-99.0	-1.0	-1.0	24306206.0	
2016-10-13 16:30:46,724 	 <Dispatcher> 	 Level 45 	 missing_raw	1476354646	28.0	177.0	173.0	373.0	-99.0	-99.0	-1.0	-1.0	28.0	
2016-10-13 16:30:56,718 	 <Dispatcher> 	 Level 45 	 missing	1476354656	21983050.0	3.83279418945	2944.0012207	2680.60546875	-99.0	-99.0	-1.0	-1.0	21983050.0	
2016-10-13 16:30:56,726 	 <Dispatcher> 	 Level 45 	 missing_raw	1476354656	31.0	181.0	177.0	384.0	-99.0	-99.0	-1.0	-1.0	31.0	
2016-10-13 16:31:06,718 	 <Dispatcher> 	 Level 45 	 missing	1476354666	23361250.0	1.64695942402	2548.97998047	2659.12109375	-99.0	-99.0	-1.0	-1.0	23361250.0	
2016-10-13 16:31:06,725 	 <Dispatcher> 	 Level 45 	 missing_raw	1476354666	9.0	153.0	168.0	382.0	-99.0	-99.0	-1.0	-1.0	9.0	
2016-10-13 16:31:16,721 	 <Dispatcher> 	 Level 45 	 missing	1476354676	20662372.0	1.13123047352	2575.92456055	2519.47265625	-99.0	-99.0	-1.0	-1.0	20662372.0	
2016-10-13 16:31:16,729 	 <Dispatcher> 	 Level 45 	 missing_raw	1476354676	10.0	157.0	166.0	369.0	-99.0	-99.0	-1.0	-1.0	10.0	
2016-10-13 16:31:26,725 	 <Dispatcher> 	 Level 45 	 missing	1476354686	20554364.0	1.56087458134	2630.3918457	2497.98828125	-99.0	-99.0	-1.0	-1.0	20554364.0	
2016-10-13 16:31:26,732 	 <Dispatcher> 	 Level 45 	 missing_raw	1476354686	13.0	159.0	168.0	367.0	-99.0	-99.0	-1.0	-1.0	13.0	
2016-10-13 16:31:36,721 	 <Dispatcher> 	 Level 45 	 missing	1476354696	24067718.0	3.6911854744	3033.74047852	2659.12109375	-99.0	-99.0	-1.0	-1.0	24067718.0	
2016-10-13 16:31:36,729 	 <Dispatcher> 	 Level 45 	 missing_raw	1476354696	34.0	183.0	177.0	382.0	-99.0	-99.0	-1.0	-1.0	34.0	
2016-10-13 16:31:46,724 	 <Dispatcher> 	 Level 45 	 missing	1476354706	21784268.0	3.60944581032	2914.49414062	2766.54296875	-99.0	-99.0	-1.0	-1.0	21784268.0	
2016-10-13 16:31:46,731 	 <Dispatcher> 	 Level 45 	 missing_raw	1476354706	28.0	175.0	178.0	392.0	-99.0	-99.0	-1.0	-1.0	28.0	
2016-10-13 16:31:56,726 	 <Dispatcher> 	 Level 45 	 missing	1476354716	22946040.0	3.92791247368	3064.06225586	2637.63671875	-99.0	-99.0	-1.0	-1.0	22946040.0	
2016-10-13 16:31:56,733 	 <Dispatcher> 	 Level 45 	 missing_raw	1476354716	35.0	185.0	176.0	380.0	-99.0	-99.0	-1.0	-1.0	35.0	
2016-10-13 16:32:06,726 	 <Dispatcher> 	 Level 45 	 missing	1476354726	21982522.0	1.44338989258	2495.66552734	2583.92578125	-99.0	-99.0	-1.0	-1.0	21982522.0	
2016-10-13 16:32:06,733 	 <Dispatcher> 	 Level 45 	 missing_raw	1476354726	4.0	150.0	166.0	375.0	-99.0	-99.0	-1.0	-1.0	4.0	
2016-10-13 16:32:16,727 	 <Dispatcher> 	 Level 45 	 missing	1476354736	20353634.0	1.2149900198	2575.92456055	2508.73046875	-99.0	-99.0	-1.0	-1.0	20353634.0	
2016-10-13 16:32:16,735 	 <Dispatcher> 	 Level 45 	 missing_raw	1476354736	10.0	157.0	169.0	368.0	-99.0	-99.0	-1.0	-1.0	10.0	
2016-10-13 16:32:26,729 	 <Dispatcher> 	 Level 45 	 missing	1476354746	20631042.0	1.25787174702	2603.06152344	2497.98828125	-99.0	-99.0	-1.0	-1.0	20631042.0	
2016-10-13 16:32:26,736 	 <Dispatcher> 	 Level 45 	 missing_raw	1476354746	10.0	158.0	168.0	367.0	-99.0	-99.0	-1.0	-1.0	10.0	
2016-10-13 16:32:36,729 	 <Dispatcher> 	 Level 45 	 missing	1476354756	22665862.0	1.27900695801	2469.29418945	2637.63671875	-99.0	-99.0	-1.0	-1.0	22665862.0	
2016-10-13 16:32:36,737 	 <Dispatcher> 	 Level 45 	 missing_raw	1476354756	6.0	151.0	169.0	380.0	-99.0	-99.0	-1.0	-1.0	6.0	
2016-10-13 16:32:46,731 	 <Dispatcher> 	 Level 45 	 missing	1476354766	22163394.0	1.43203985691	2603.06152344	2648.37890625	-99.0	-99.0	-1.0	-1.0	22163394.0	
2016-10-13 16:32:46,738 	 <Dispatcher> 	 Level 45 	 missing_raw	1476354766	10.0	155.0	167.0	381.0	-99.0	-99.0	-1.0	-1.0	10.0	
2016-10-13 16:32:56,735 	 <Dispatcher> 	 Level 45 	 missing	1476354776	23315896.0	1.84282588959	2630.3918457	2680.60546875	-99.0	-99.0	-1.0	-1.0	23315896.0	
2016-10-13 16:32:56,743 	 <Dispatcher> 	 Level 45 	 missing_raw	1476354776	11.0	157.0	168.0	384.0	-99.0	-99.0	-1.0	-1.0	11.0	
2016-10-13 16:33:06,735 	 <Dispatcher> 	 Level 45 	 missing	1476354786	20210968.0	1.34983944893	2495.66552734	2594.66796875	-99.0	-99.0	-1.0	-1.0	20210968.0	
2016-10-13 16:33:06,742 	 <Dispatcher> 	 Level 45 	 missing_raw	1476354786	8.0	155.0	169.0	376.0	-99.0	-99.0	-1.0	-1.0	8.0	
2016-10-13 16:33:16,737 	 <Dispatcher> 	 Level 45 	 missing	1476354796	21084760.0	1.48669195175	2630.3918457	2508.73046875	-99.0	-99.0	-1.0	-1.0	21084760.0	
2016-10-13 16:33:16,745 	 <Dispatcher> 	 Level 45 	 missing_raw	1476354796	14.0	163.0	171.0	368.0	-99.0	-99.0	-1.0	-1.0	14.0	
2016-10-13 16:33:26,738 	 <Dispatcher> 	 Level 45 	 missing	1476354806	24913104.0	2.40046739578	2798.47558594	2530.21484375	-99.0	-99.0	-1.0	-1.0	24913104.0	
2016-10-13 16:33:26,745 	 <Dispatcher> 	 Level 45 	 missing_raw	1476354806	25.0	175.0	172.0	370.0	-99.0	-99.0	-1.0	-1.0	25.0	
2016-10-13 16:33:36,738 	 <Dispatcher> 	 Level 45 	 missing	1476354816	23335950.0	1.45289504528	2522.22729492	2626.89453125	-99.0	-99.0	-1.0	-1.0	23335950.0	
2016-10-13 16:33:36,746 	 <Dispatcher> 	 Level 45 	 missing_raw	1476354816	7.0	151.0	168.0	379.0	-99.0	-99.0	-1.0	-1.0	7.0	
2016-10-13 16:33:46,738 	 <Dispatcher> 	 Level 45 	 missing	1476354826	21034250.0	3.62476277351	3003.62353516	2659.12109375	-99.0	-99.0	-1.0	-1.0	21034250.0	
2016-10-13 16:33:46,746 	 <Dispatcher> 	 Level 45 	 missing_raw	1476354826	34.0	181.0	177.0	382.0	-99.0	-99.0	-1.0	-1.0	34.0	
2016-10-13 16:33:56,741 	 <Dispatcher> 	 Level 45 	 missing	1476354836	20171650.0	1.47491359711	2630.3918457	2519.47265625	-99.0	-99.0	-1.0	-1.0	20171650.0	
2016-10-13 16:33:56,748 	 <Dispatcher> 	 Level 45 	 missing_raw	1476354836	11.0	161.0	168.0	369.0	-99.0	-99.0	-1.0	-1.0	11.0	
2016-10-13 16:34:06,743 	 <Dispatcher> 	 Level 45 	 missing	1476354846	22822026.0	2.92316889763	2827.18017578	2734.31640625	-99.0	-99.0	-1.0	-1.0	22822026.0	
2016-10-13 16:34:06,750 	 <Dispatcher> 	 Level 45 	 missing_raw	1476354846	20.0	167.0	172.0	389.0	-99.0	-99.0	-1.0	-1.0	20.0	
2016-10-13 16:34:16,744 	 <Dispatcher> 	 Level 45 	 missing	1476354856	20885734.0	3.80700850487	3033.74047852	2691.34765625	-99.0	-99.0	-1.0	-1.0	20885734.0	
2016-10-13 16:34:16,751 	 <Dispatcher> 	 Level 45 	 missing_raw	1476354856	32.0	183.0	177.0	385.0	-99.0	-99.0	-1.0	-1.0	32.0	
2016-10-13 16:34:26,745 	 <Dispatcher> 	 Level 45 	 missing	1476354866	26004750.0	3.3829023838	3033.74047852	2594.66796875	-99.0	-99.0	-1.0	-1.0	26004750.0	
2016-10-13 16:34:26,753 	 <Dispatcher> 	 Level 45 	 missing_raw	1476354866	34.0	184.0	175.0	376.0	-99.0	-99.0	-1.0	-1.0	34.0	
2016-10-13 16:34:36,746 	 <Dispatcher> 	 Level 45 	 missing	1476354876	21254764.0	1.23997330666	2630.3918457	2487.24609375	-99.0	-99.0	-1.0	-1.0	21254764.0	
2016-10-13 16:34:36,753 	 <Dispatcher> 	 Level 45 	 missing_raw	1476354876	14.0	160.0	166.0	366.0	-99.0	-99.0	-1.0	-1.0	14.0	
2016-10-13 16:34:46,747 	 <Dispatcher> 	 Level 45 	 missing	1476354886	21220514.0	1.601957798	2522.22729492	2659.12109375	-99.0	-99.0	-1.0	-1.0	21220514.0	
2016-10-13 16:34:46,755 	 <Dispatcher> 	 Level 45 	 missing_raw	1476354886	7.0	152.0	166.0	382.0	-99.0	-99.0	-1.0	-1.0	7.0	
2016-10-13 16:34:56,747 	 <Dispatcher> 	 Level 45 	 missing	1476354896	23391616.0	1.35180985928	2469.29418945	2594.66796875	-99.0	-99.0	-1.0	-1.0	23391616.0	
2016-10-13 16:34:56,754 	 <Dispatcher> 	 Level 45 	 missing_raw	1476354896	5.0	150.0	166.0	376.0	-99.0	-99.0	-1.0	-1.0	5.0	
2016-12-25 21:10:13,384 	 <Dispatcher> 	 Level 45 	 START_BYTES	7925
2016-12-25 21:16:29,861 	 <Dispatcher> 	 Level 45 	 START_BYTES	22205
2016-12-28 01:42:51,081 	 <Dispatcher> 	 Level 45 	 START_BYTES	7460
2016-12-29 16:57:07,933 	 <Dispatcher> 	 Level 45 	 START_BYTES	8256
2016-12-29 17:08:38,103 	 <Dispatcher> 	 Level 45 	 START_BYTES	91886
2016-12-29 17:25:52,416 	 <Dispatcher> 	 Level 45 	 START_BYTES	236821
2016-12-29 17:34:15,096 	 <Dispatcher> 	 Level 45 	 START_BYTES	255653
2016-12-29 18:01:55,951 	 <Dispatcher> 	 Level 45 	 START_BYTES	16998
2017-01-04 12:50:32,015 	 <Dispatcher> 	 Level 45 	 START_BYTES	33590
2017-01-04 13:00:44,365 	 <Dispatcher> 	 Level 45 	 START_BYTES	75095
2017-01-04 13:10:08,928 	 <Dispatcher> 	 Level 45 	 START_BYTES	103606
2017-01-04 13:20:25,787 	 <Dispatcher> 	 Level 45 	 START_BYTES	175632
2017-01-04 13:23:33,212 	 <Dispatcher> 	 Level 45 	 START_BYTES	201254
2017-01-04 13:37:27,780 	 <Dispatcher> 	 Level 45 	 START_BYTES	217268
2017-01-04 14:43:59,525 	 <Dispatcher> 	 Level 45 	 START_BYTES	684803
2017-01-04 16:21:48,573 	 <Dispatcher> 	 Level 45 	 START_BYTES	2129029
2017-01-04 16:24:47,986 	 <Dispatcher> 	 Level 45 	 START_BYTES	2139147
2017-01-04 16:25:35,285 	 <Dispatcher> 	 Level 45 	 START_BYTES	2142897
2017-01-04 16:42:11,539 	 <Dispatcher> 	 Level 45 	 START_BYTES	9069
2017-01-04 17:02:33,555 	 <Dispatcher> 	 Level 45 	 START_BYTES	4789
2017-01-04 17:16:27,153 	 <Dispatcher> 	 Level 45 	 START_BYTES	4565
2017-01-04 17:22:28,505 	 <Dispatcher> 	 Level 45 	 START_BYTES	1943
2017-01-06 14:56:05,707 	 <Dispatcher> 	 Level 45 	 START_BYTES	4377
2017-01-06 15:21:40,670 	 <Dispatcher> 	 Level 45 	 START_BYTES	6471
2017-01-06 15:21:41,623 	 <Dispatcher> 	 Level 45 	 RESET	7190
2017-01-06 15:23:21,734 	 <Dispatcher> 	 Level 45 	 POWEROFF BYTES	27888
2017-01-06 15:25:24,027 	 <Dispatcher> 	 Level 45 	 START_BYTES	400691
2017-01-06 15:26:41,440 	 <Dispatcher> 	 Level 45 	 START_BYTES	404905
2017-01-06 15:26:42,465 	 <Dispatcher> 	 Level 45 	 RESET	406061
2017-01-06 15:26:51,658 	 <Dispatcher> 	 Level 45 	 RESET	773287
2017-01-06 15:27:08,538 	 <Dispatcher> 	 Level 45 	 RESET	1167643
2017-01-06 15:27:16,611 	 <Dispatcher> 	 Level 45 	 RESET	1542628
2017-01-06 15:27:26,614 	 <Dispatcher> 	 Level 45 	 RESET	1563386
2017-01-06 15:30:06,758 	 <Dispatcher> 	 Level 45 	 START_BYTES	1630437
2017-01-06 15:30:07,737 	 <Dispatcher> 	 Level 45 	 RESET	1631156
2017-01-06 15:31:13,292 	 <Dispatcher> 	 Level 45 	 RESET	1640004
2017-01-06 15:32:13,914 	 <Dispatcher> 	 Level 45 	 RESET	1655693
2017-01-06 15:32:44,619 	 <Dispatcher> 	 Level 45 	 RESET	1693310
2017-01-06 15:33:17,095 	 <Dispatcher> 	 Level 45 	 RESET	1729302
2017-01-06 15:37:05,325 	 <Dispatcher> 	 Level 45 	 START_BYTES	4511
2017-01-06 15:37:06,288 	 <Dispatcher> 	 Level 45 	 RESET	5348
2017-01-06 15:39:18,901 	 <Dispatcher> 	 Level 45 	 RESET	344238
2017-01-06 15:36:03,005 	 <Dispatcher> 	 Level 45 	 START_BYTES	3480
2017-01-06 15:36:03,343 	 <Dispatcher> 	 Level 45 	 START_BYTES	2572
2017-01-06 15:36:04,289 	 <Dispatcher> 	 Level 45 	 RESET	3527
2017-01-06 16:01:49,116 	 <Dispatcher> 	 Level 45 	 RESET	14026
2017-01-06 15:37:33,822 	 <Dispatcher> 	 Level 45 	 START_BYTES	6779
2017-01-06 15:37:34,770 	 <Dispatcher> 	 Level 45 	 RESET	7378
2017-01-06 16:42:41,426 	 <Dispatcher> 	 Level 45 	 RESET	34820
2017-01-06 16:43:29,271 	 <Dispatcher> 	 Level 45 	 START_BYTES	2918
2017-01-06 16:43:30,181 	 <Dispatcher> 	 Level 45 	 RESET	3975
2017-01-06 16:44:21,487 	 <Dispatcher> 	 Level 45 	 START_BYTES	30378
2017-01-06 16:44:22,527 	 <Dispatcher> 	 Level 45 	 RESET	32723
2017-01-06 16:46:15,536 	 <Dispatcher> 	 Level 45 	 START_BYTES	3846
2017-01-06 16:46:16,501 	 <Dispatcher> 	 Level 45 	 RESET	4683
2017-01-06 17:02:39,437 	 <Dispatcher> 	 Level 45 	 RESET	423783
2017-01-06 17:03:02,049 	 <Dispatcher> 	 Level 45 	 RESET	842094
2017-01-06 17:21:15,794 	 <Dispatcher> 	 Level 45 	 RESET	1712283
2017-01-06 17:28:30,930 	 <Dispatcher> 	 Level 45 	 RESET	2262905
2017-01-06 17:38:05,268 	 <Dispatcher> 	 Level 45 	 RESET	2873672
2017-01-06 17:39:48,191 	 <Dispatcher> 	 Level 45 	 missing	1483702788	165.53855896	3.56241559982	138.998733521	0.0	23.0	38.0	-1.0	-1.0	165.53855896	
2017-01-06 17:39:48,203 	 <Dispatcher> 	 Level 45 	 missing_raw	1483702788	272.0	387.0	326.0	74.0	23.0	38.0	-1.0	-1.0	272.0	
2017-01-06 17:39:53,175 	 <Dispatcher> 	 Level 45 	 missing	1483702793	170.762664795	4.04843854904	148.019439697	0.0	23.0	38.0	23.7262363434	90.3885726929	170.762664795	
2017-01-06 17:39:53,183 	 <Dispatcher> 	 Level 45 	 missing_raw	1483702793	288.0	400.0	333.0	92.0	23.0	38.0	23.7262363434	90.3885726929	288.0	
2017-01-06 17:39:58,180 	 <Dispatcher> 	 Level 45 	 missing	1483702798	170.269424438	4.23421001434	148.019439697	0.0	23.0	39.0	23.7262248993	90.3885955811	170.269424438	
2017-01-06 17:39:58,190 	 <Dispatcher> 	 Level 45 	 missing_raw	1483702798	285.0	404.0	332.0	81.0	23.0	39.0	23.7262248993	90.3885955811	285.0	
2017-01-06 17:40:03,664 	 <Dispatcher> 	 Level 45 	 missing	1483702803	167.83265686	4.14844083786	146.706893921	0.0	23.0	38.0	23.726184845	90.3885192871	167.83265686	
2017-01-06 17:40:03,679 	 <Dispatcher> 	 Level 45 	 missing_raw	1483702803	277.0	402.0	332.0	81.0	23.0	38.0	23.726184845	90.3885192871	277.0	
2017-01-06 17:40:08,377 	 <Dispatcher> 	 Level 45 	 missing	1483702808	164.791046143	4.50250720978	153.350219727	0.0	23.0	38.0	23.7262210846	90.3885726929	164.791046143	
2017-01-06 17:40:08,391 	 <Dispatcher> 	 Level 45 	 missing_raw	1483702808	266.0	405.0	338.0	81.0	23.0	38.0	23.7262210846	90.3885726929	266.0	
2017-01-06 17:40:13,181 	 <Dispatcher> 	 Level 45 	 missing	1483702813	164.345794678	4.88007068634	173.046203613	0.0	23.0	38.0	23.7262115479	90.3885574341	164.345794678	
2017-01-06 17:40:13,190 	 <Dispatcher> 	 Level 45 	 missing_raw	1483702813	266.0	418.0	351.0	85.0	23.0	38.0	23.7262115479	90.3885574341	266.0	
2017-01-06 17:40:18,210 	 <Dispatcher> 	 Level 45 	 missing	1483702818	159.760665894	4.54098701477	170.131774902	0.0	23.0	39.0	23.7262248993	90.3885955811	159.760665894	
2017-01-06 17:40:18,222 	 <Dispatcher> 	 Level 45 	 missing_raw	1483702818	256.0	411.0	348.0	82.0	23.0	39.0	23.7262248993	90.3885955811	256.0	
2017-01-06 17:40:23,183 	 <Dispatcher> 	 Level 45 	 missing	1483702823	158.537231445	4.27061462402	177.482009888	0.0	23.0	38.0	23.7261791229	90.3885955811	158.537231445	
2017-01-06 17:40:23,191 	 <Dispatcher> 	 Level 45 	 missing_raw	1483702823	251.0	412.0	354.0	85.0	23.0	38.0	23.7261791229	90.3885955811	251.0	
2017-01-06 17:40:28,443 	 <Dispatcher> 	 Level 45 	 missing	1483702828	157.214050293	4.74279737473	194.417526245	0.0	23.0	38.0	23.72615242	90.3886032104	157.214050293	
2017-01-06 17:40:28,452 	 <Dispatcher> 	 Level 45 	 missing_raw	1483702828	247.0	413.0	366.0	82.0	23.0	38.0	23.72615242	90.3886032104	247.0	
2017-01-06 17:40:33,188 	 <Dispatcher> 	 Level 45 	 missing	1483702833	155.751556396	4.7553486824	224.486587524	0.0	23.0	38.0	23.7262115479	90.3885574341	155.751556396	
2017-01-06 17:40:33,196 	 <Dispatcher> 	 Level 45 	 missing_raw	1483702833	245.0	416.0	382.0	87.0	23.0	38.0	23.7262115479	90.3885574341	245.0	
2017-01-06 17:40:38,190 	 <Dispatcher> 	 Level 45 	 missing	1483702838	171.089309692	6.02593421936	249.992889404	0.0	23.0	38.0	23.726140976	90.3886184692	171.089309692	
2017-01-06 17:40:38,198 	 <Dispatcher> 	 Level 45 	 missing_raw	1483702838	288.0	438.0	398.0	93.0	23.0	38.0	23.726140976	90.3886184692	288.0	
2017-01-06 17:40:43,193 	 <Dispatcher> 	 Level 45 	 missing	1483702843	170.450057983	6.19766283035	242.510421753	0.0	23.0	38.0	23.7261180878	90.3886260986	170.450057983	
2017-01-06 17:40:43,201 	 <Dispatcher> 	 Level 45 	 missing_raw	1483702843	286.0	440.0	393.0	86.0	23.0	38.0	23.7261180878	90.3886260986	286.0	
2017-01-06 17:40:48,495 	 <Dispatcher> 	 Level 45 	 missing	1483702848	167.923721313	6.14733457565	240.664413452	0.0	23.0	38.0	23.72615242	90.3886032104	167.923721313	
2017-01-06 17:40:48,503 	 <Dispatcher> 	 Level 45 	 missing_raw	1483702848	277.0	437.0	391.0	85.0	23.0	38.0	23.72615242	90.3886032104	277.0	
2017-01-06 17:40:53,191 	 <Dispatcher> 	 Level 45 	 missing	1483702853	163.89100647	5.7266664505	231.58039856	0.0	23.0	38.0	23.7261104584	90.3886413574	163.89100647	
2017-01-06 17:40:53,200 	 <Dispatcher> 	 Level 45 	 missing_raw	1483702853	265.0	434.0	387.0	84.0	23.0	38.0	23.7261104584	90.3886413574	265.0	
2017-01-06 17:40:58,192 	 <Dispatcher> 	 Level 45 	 missing	1483702858	159.409378052	5.06907367706	215.832870483	0.0	23.0	38.0	23.7261180878	90.3886566162	159.409378052	
2017-01-06 17:40:58,200 	 <Dispatcher> 	 Level 45 	 missing_raw	1483702858	253.0	422.0	378.0	90.0	23.0	38.0	23.7261180878	90.3886566162	253.0	
2017-01-06 17:41:03,208 	 <Dispatcher> 	 Level 45 	 missing	1483702863	155.338470459	4.66991519928	205.756561279	0.0	23.0	38.0	23.7261180878	90.3886260986	155.338470459	
2017-01-06 17:41:03,218 	 <Dispatcher> 	 Level 45 	 missing_raw	1483702863	245.0	413.0	372.0	85.0	23.0	38.0	23.7261180878	90.3886260986	245.0	
2017-01-06 17:41:08,229 	 <Dispatcher> 	 Level 45 	 missing	1483702868	151.101486206	4.1631937027	197.612014771	0.0	23.0	38.0	-1.0	-1.0	151.101486206	
2017-01-06 17:41:08,240 	 <Dispatcher> 	 Level 45 	 missing_raw	1483702868	240.0	409.0	368.0	87.0	23.0	38.0	-1.0	-1.0	240.0	
2017-01-06 17:41:13,202 	 <Dispatcher> 	 Level 45 	 missing	1483702873	151.132843018	4.11719703674	178.977844238	0.0	23.0	38.0	23.7261886597	90.3886413574	151.132843018	
2017-01-06 17:41:13,213 	 <Dispatcher> 	 Level 45 	 missing_raw	1483702873	230.0	394.0	356.0	81.0	23.0	38.0	23.7261886597	90.3886413574	230.0	
2017-01-06 17:41:18,223 	 <Dispatcher> 	 Level 45 	 missing	1483702878	149.239028931	4.07500886917	188.135818481	0.0	23.0	38.0	23.7261180878	90.3886566162	149.239028931	
2017-01-06 17:41:18,236 	 <Dispatcher> 	 Level 45 	 missing_raw	1483702878	234.0	402.0	362.0	83.0	23.0	38.0	23.7261180878	90.3886566162	234.0	
2017-01-06 17:41:23,217 	 <Dispatcher> 	 Level 45 	 missing	1483702883	149.012176514	3.99613022804	186.587554932	0.0	23.0	38.0	23.7261390686	90.3886566162	149.012176514	
2017-01-06 17:41:23,225 	 <Dispatcher> 	 Level 45 	 missing_raw	1483702883	233.0	400.0	360.0	83.0	23.0	38.0	23.7261390686	90.3886566162	233.0	
2017-01-06 17:41:28,203 	 <Dispatcher> 	 Level 45 	 missing	1483702888	147.588607788	3.91250610352	183.517456055	0.0	23.0	38.0	23.7260875702	90.3886642456	147.588607788	
2017-01-06 17:41:28,218 	 <Dispatcher> 	 Level 45 	 missing_raw	1483702888	229.0	396.0	357.0	84.0	23.0	38.0	23.7260875702	90.3886642456	229.0	
2017-01-06 17:41:33,682 	 <Dispatcher> 	 Level 45 	 missing	1483702893	146.840148926	3.81651687622	178.977844238	0.0	23.0	38.0	23.7261886597	90.3886413574	146.840148926	
2017-01-06 17:41:33,690 	 <Dispatcher> 	 Level 45 	 missing_raw	1483702893	228.0	394.0	355.0	80.0	23.0	38.0	23.7261886597	90.3886413574	228.0	
2017-01-06 17:41:38,662 	 <Dispatcher> 	 Level 45 	 missing	1483702898	144.798904419	3.68653392792	173.046203613	0.0	23.0	38.0	23.7260665894	90.3886795044	144.798904419	
2017-01-06 17:41:38,673 	 <Dispatcher> 	 Level 45 	 missing_raw	1483702898	223.0	386.0	350.0	78.0	23.0	38.0	23.7260665894	90.3886795044	223.0	
2017-01-06 17:41:43,205 	 <Dispatcher> 	 Level 45 	 missing	1483702903	143.195114136	3.56626486778	173.046203613	0.0	23.0	38.0	23.7260551453	90.3887023926	143.195114136	
2017-01-06 17:41:43,213 	 <Dispatcher> 	 Level 45 	 missing_raw	1483702903	223.0	387.0	350.0	85.0	23.0	38.0	23.7260551453	90.3887023926	223.0	
2017-01-06 17:41:48,209 	 <Dispatcher> 	 Level 45 	 missing	1483702908	142.478652954	3.43359208107	170.131774902	0.0	23.0	38.0	23.7260875702	90.3886642456	142.478652954	
2017-01-06 17:41:48,226 	 <Dispatcher> 	 Level 45 	 missing_raw	1483702908	222.0	385.0	349.0	82.0	23.0	38.0	23.7260875702	90.3886642456	222.0	
2017-01-06 17:41:53,209 	 <Dispatcher> 	 Level 45 	 missing	1483702913	141.662506104	3.38859272003	167.251296997	0.0	23.0	38.0	23.7260551453	90.3887405396	141.662506104	
2017-01-06 17:41:53,223 	 <Dispatcher> 	 Level 45 	 missing_raw	1483702913	219.0	382.0	347.0	85.0	23.0	38.0	23.7260551453	90.3887405396	219.0	
2017-01-06 17:41:58,244 	 <Dispatcher> 	 Level 45 	 missing	1483702918	141.277740479	3.2784986496	167.251296997	0.0	23.0	38.0	23.7260551453	90.3887481689	141.277740479	
2017-01-06 17:41:58,255 	 <Dispatcher> 	 Level 45 	 missing_raw	1483702918	221.0	384.0	349.0	82.0	23.0	38.0	23.7260551453	90.3887481689	221.0	
2017-01-06 17:42:03,245 	 <Dispatcher> 	 Level 45 	 missing	1483702923	137.221313477	3.09900283813	156.064361572	0.0	23.0	38.0	23.7260551453	90.3887023926	137.221313477	
2017-01-06 17:42:03,255 	 <Dispatcher> 	 Level 45 	 missing_raw	1483702923	214.0	373.0	337.0	88.0	23.0	38.0	23.7260551453	90.3887023926	214.0	
2017-01-06 17:42:08,246 	 <Dispatcher> 	 Level 45 	 missing	1483702928	135.902389526	3.01384615898	152.005386353	0.0	23.0	38.0	23.7260150909	90.3887634277	135.902389526	
2017-01-06 17:42:08,258 	 <Dispatcher> 	 Level 45 	 missing_raw	1483702928	213.0	371.0	335.0	78.0	23.0	38.0	23.7260150909	90.3887634277	213.0	
2017-01-06 17:42:13,232 	 <Dispatcher> 	 Level 45 	 missing	1483702933	136.262710571	2.98025918007	152.005386353	0.0	23.0	38.0	23.7259788513	90.3887786865	136.262710571	
2017-01-06 17:42:13,242 	 <Dispatcher> 	 Level 45 	 missing_raw	1483702933	212.0	368.0	336.0	86.0	23.0	38.0	23.7259788513	90.3887786865	212.0	
2017-01-06 17:42:18,238 	 <Dispatcher> 	 Level 45 	 missing	1483702938	137.25793457	3.11017942429	156.064361572	0.0	23.0	38.0	23.7260551453	90.3887481689	137.25793457	
2017-01-06 17:42:18,247 	 <Dispatcher> 	 Level 45 	 missing_raw	1483702938	215.0	372.0	338.0	75.0	23.0	38.0	23.7260551453	90.3887481689	215.0	
2017-01-06 17:42:23,223 	 <Dispatcher> 	 Level 45 	 missing	1483702943	137.256668091	2.99986362457	152.005386353	0.0	23.0	38.0	23.7258892059	90.3888015747	137.256668091	
2017-01-06 17:42:23,231 	 <Dispatcher> 	 Level 45 	 missing_raw	1483702943	212.0	368.0	336.0	91.0	23.0	38.0	23.7258892059	90.3888015747	212.0	
2017-01-06 17:42:28,223 	 <Dispatcher> 	 Level 45 	 missing	1483702948	137.48840332	3.03630542755	156.064361572	0.0	23.0	38.0	23.7258892059	90.3888015747	137.48840332	
2017-01-06 17:42:28,231 	 <Dispatcher> 	 Level 45 	 missing_raw	1483702948	214.0	371.0	339.0	86.0	23.0	38.0	23.7258892059	90.3888015747	214.0	
2017-01-06 17:42:33,286 	 <Dispatcher> 	 Level 45 	 missing	1483702953	136.184341431	2.90540599823	154.703201294	0.0	23.0	38.0	23.7259788513	90.3887786865	136.184341431	
2017-01-06 17:42:33,295 	 <Dispatcher> 	 Level 45 	 missing_raw	1483702953	214.0	369.0	338.0	81.0	23.0	38.0	23.7259788513	90.3887786865	214.0	
2017-01-06 17:42:38,239 	 <Dispatcher> 	 Level 45 	 missing	1483702958	133.671417236	2.77195191383	148.019439697	0.0	23.0	38.0	23.72590065	90.3887710571	133.671417236	
2017-01-06 17:42:38,248 	 <Dispatcher> 	 Level 45 	 missing_raw	1483702958	210.0	363.0	333.0	83.0	23.0	38.0	23.72590065	90.3887710571	210.0	
2017-01-06 17:42:43,702 	 <Dispatcher> 	 Level 45 	 missing	1483702963	132.613250732	2.47054862976	145.402359009	0.0	23.0	38.0	23.7258892059	90.3887481689	132.613250732	
2017-01-06 17:42:43,710 	 <Dispatcher> 	 Level 45 	 missing_raw	1483702963	208.0	359.0	330.0	84.0	23.0	38.0	23.7258892059	90.3887481689	208.0	
2017-01-06 17:42:48,229 	 <Dispatcher> 	 Level 45 	 missing	1483702968	134.28288269	2.7795214653	148.019439697	0.0	23.0	38.0	23.7258892059	90.3888015747	134.28288269	
2017-01-06 17:42:48,245 	 <Dispatcher> 	 Level 45 	 missing_raw	1483702968	210.0	363.0	334.0	86.0	23.0	38.0	23.7258892059	90.3888015747	210.0	
2017-01-06 17:45:57,560 	 <Dispatcher> 	 Level 45 	 RESET	3391785
2017-01-06 17:48:48,573 	 <Dispatcher> 	 Level 45 	 RESET	3747978
2017-01-06 18:03:20,268 	 <Dispatcher> 	 Level 45 	 RESET	4393614
2017-01-06 18:04:11,487 	 <Dispatcher> 	 Level 45 	 POWEROFF BYTES	4812054
2017-01-06 18:05:16,417 	 <Dispatcher> 	 Level 45 	 RESET	4841648
2017-01-06 18:23:00,944 	 <Dispatcher> 	 Level 45 	 RESET	5462477
2017-01-06 18:23:10,307 	 <Dispatcher> 	 Level 45 	 RESET	5880143
2017-01-06 18:17:25,613 	 <Dispatcher> 	 Level 45 	 START_BYTES	3150
2017-01-06 18:17:27,305 	 <Dispatcher> 	 Level 45 	 START_BYTES	2974
2017-09-16 04:02:11,318 	 <Dispatcher> 	 Level 45 	 START_BYTES	20234
2017-09-16 04:05:30,044 	 <Dispatcher> 	 Level 45 	 START_BYTES	49384
